2023-09-04 08:52:13,554 INFO o.a.j.u.JMeterUtils: Setting Locale to en_EN
2023-09-04 08:52:13,569 INFO o.a.j.JMeter: Loading user properties from: user.properties
2023-09-04 08:52:13,569 INFO o.a.j.JMeter: Loading system properties from: system.properties
2023-09-04 08:52:13,585 INFO o.a.j.JMeter: Copyright (c) 1998-2023 The Apache Software Foundation
2023-09-04 08:52:13,585 INFO o.a.j.JMeter: Version 5.6.2
2023-09-04 08:52:13,585 INFO o.a.j.JMeter: java.version=1.8.0_381
2023-09-04 08:52:13,585 INFO o.a.j.JMeter: java.vm.name=Java HotSpot(TM) 64-Bit Server VM
2023-09-04 08:52:13,585 INFO o.a.j.JMeter: os.name=Windows 11
2023-09-04 08:52:13,585 INFO o.a.j.JMeter: os.arch=amd64
2023-09-04 08:52:13,585 INFO o.a.j.JMeter: os.version=10.0
2023-09-04 08:52:13,585 INFO o.a.j.JMeter: file.encoding=Cp1252
2023-09-04 08:52:13,585 INFO o.a.j.JMeter: java.awt.headless=null
2023-09-04 08:52:13,585 INFO o.a.j.JMeter: Max memory     =1073741824
2023-09-04 08:52:13,585 INFO o.a.j.JMeter: Available Processors =16
2023-09-04 08:52:13,585 INFO o.a.j.JMeter: Default Locale=English (EN)
2023-09-04 08:52:13,585 INFO o.a.j.JMeter: JMeter  Locale=English (EN)
2023-09-04 08:52:13,585 INFO o.a.j.JMeter: JMeterHome=C:\apache-jmeter-5.6.2
2023-09-04 08:52:13,585 INFO o.a.j.JMeter: user.dir  =C:\apache-jmeter-5.6.2\bin
2023-09-04 08:52:13,585 INFO o.a.j.JMeter: PWD       =C:\apache-jmeter-5.6.2\bin
2023-09-04 08:52:13,585 INFO o.a.j.JMeter: IP: 192.168.10.225 Name: ASY-WIN11-72 FullName: ASY-WIN11-72.assurity.local
2023-09-04 08:52:13,601 INFO o.a.j.JMeter: Loaded icon properties from org/apache/jmeter/images/icon.properties
2023-09-04 08:52:13,834 INFO o.a.j.JMeterGuiLauncher: Setting LAF to: com.github.weisj.darklaf.DarkLaf:com.github.weisj.darklaf.theme.IntelliJTheme
2023-09-04 08:53:27,281 INFO o.a.j.s.FileServer: Default base='C:\apache-jmeter-5.6.2\bin'
2023-09-04 08:53:27,296 INFO o.a.j.g.a.Load: Loading file: C:\Users\vakhlovv\jmeter-assessment\jmeter-test.jmx
2023-09-04 08:53:27,296 INFO o.a.j.s.FileServer: Set new base='C:\Users\vakhlovv\jmeter-assessment'
2023-09-04 08:53:27,390 INFO o.a.j.s.SaveService: Testplan (JMX) version: 2.2. Testlog (JTL) version: 2.2
2023-09-04 08:53:27,539 INFO o.a.j.s.SaveService: Using SaveService properties file encoding UTF-8
2023-09-04 08:53:27,539 INFO o.a.j.s.SaveService: Using SaveService properties version 5.0
2023-09-04 08:53:27,539 INFO o.a.j.s.SaveService: Loading file: C:\Users\vakhlovv\jmeter-assessment\jmeter-test.jmx
2023-09-04 08:53:27,585 INFO o.a.j.p.h.s.HTTPSamplerBase: Parser for text/html is org.apache.jmeter.protocol.http.parser.LagartoBasedHtmlParser
2023-09-04 08:53:27,601 INFO o.a.j.p.h.s.HTTPSamplerBase: Parser for application/xhtml+xml is org.apache.jmeter.protocol.http.parser.LagartoBasedHtmlParser
2023-09-04 08:53:27,601 INFO o.a.j.p.h.s.HTTPSamplerBase: Parser for application/xml is org.apache.jmeter.protocol.http.parser.LagartoBasedHtmlParser
2023-09-04 08:53:27,601 INFO o.a.j.p.h.s.HTTPSamplerBase: Parser for text/xml is org.apache.jmeter.protocol.http.parser.LagartoBasedHtmlParser
2023-09-04 08:53:27,601 INFO o.a.j.p.h.s.HTTPSamplerBase: Parser for text/vnd.wap.wml is org.apache.jmeter.protocol.http.parser.RegexpHTMLParser
2023-09-04 08:53:27,601 INFO o.a.j.p.h.s.HTTPSamplerBase: Parser for text/css is org.apache.jmeter.protocol.http.parser.CssParser
2023-09-04 08:53:28,277 INFO o.a.j.s.SampleResult: Note: Sample TimeStamps are START times
2023-09-04 08:53:28,277 INFO o.a.j.s.SampleResult: sampleresult.default.encoding is set to UTF-8
2023-09-04 08:53:28,277 INFO o.a.j.s.SampleResult: sampleresult.useNanoTime=true
2023-09-04 08:53:28,277 INFO o.a.j.s.SampleResult: sampleresult.nanoThreadSleep=5000
2023-09-04 08:53:28,464 INFO o.a.j.s.FileServer: Set new base='C:\Users\vakhlovv\jmeter-assessment'
2023-09-04 08:53:35,861 INFO o.a.j.g.JMeterUIDefaults: Applying font scale factor: 1.1
2023-09-04 08:53:48,519 INFO o.a.j.g.JMeterUIDefaults: Applying font scale factor: 1.21
2023-09-04 09:31:09,422 INFO o.a.j.e.StandardJMeterEngine: Running the test!
2023-09-04 09:31:09,422 INFO o.a.j.s.SampleEvent: List of sample_variables: []
2023-09-04 09:31:09,422 INFO o.a.j.s.SampleEvent: List of sample_variables: []
2023-09-04 09:31:09,422 INFO o.a.j.e.u.CompoundVariable: Note: Function class names must contain the string: '.functions.'
2023-09-04 09:31:09,422 INFO o.a.j.e.u.CompoundVariable: Note: Function class names must not contain the string: '.gui.'
2023-09-04 09:31:09,578 INFO o.a.j.g.u.JMeterMenuBar: setRunning(true, *local*)
2023-09-04 09:31:09,594 INFO o.a.j.e.StandardJMeterEngine: Starting setUp thread groups
2023-09-04 09:31:09,594 INFO o.a.j.e.StandardJMeterEngine: Starting setUp ThreadGroup: 1 : setup threads 
2023-09-04 09:31:09,594 INFO o.a.j.e.StandardJMeterEngine: Starting 1 threads for group setup threads.
2023-09-04 09:31:09,594 INFO o.a.j.e.StandardJMeterEngine: Thread will continue on error
2023-09-04 09:31:09,594 INFO o.a.j.t.ThreadGroup: Starting thread group... number=1 threads=1 ramp-up=0 delayedStart=false
2023-09-04 09:31:09,594 INFO o.a.j.t.ThreadGroup: Started thread group number 1
2023-09-04 09:31:09,594 INFO o.a.j.e.StandardJMeterEngine: Waiting for all setup thread groups to exit
2023-09-04 09:31:09,603 INFO o.a.j.t.JMeterThread: Thread started: setup threads 1-1
2023-09-04 09:31:09,605 INFO o.a.j.s.FileServer: Stored: categories.csv
2023-09-04 09:31:09,672 INFO o.a.j.p.j.s.J.Threads init: CUSTOM_TIME: 21
2023-09-04 09:31:09,672 INFO o.a.j.p.j.s.J.Threads init: RUNNING TIME FROM PROPERTIES: null
2023-09-04 09:31:09,672 ERROR o.a.j.p.j.s.JSR223Sampler: Problem in JSR223 script Threads init, message: javax.script.ScriptException: Sourced file: inline evaluation of: ``// Calculating quantity of required threads according initial documents String[] . . . '' : Typed variable declaration : Method Invocation Integer.parseInt : at Line: 16 : in file: inline evaluation of: ``// Calculating quantity of required threads according initial documents String[] . . . '' : Integer .parseInt ( props .get ( "running_time" ) ) 

Target exception: java.lang.NumberFormatException: null
 in inline evaluation of: ``// Calculating quantity of required threads according initial documents String[] . . . '' at line number 16
javax.script.ScriptException: Sourced file: inline evaluation of: ``// Calculating quantity of required threads according initial documents String[] . . . '' : Typed variable declaration : Method Invocation Integer.parseInt : at Line: 16 : in file: inline evaluation of: ``// Calculating quantity of required threads according initial documents String[] . . . '' : Integer .parseInt ( props .get ( "running_time" ) ) 

Target exception: java.lang.NumberFormatException: null
 in inline evaluation of: ``// Calculating quantity of required threads according initial documents String[] . . . '' at line number 16
	at bsh.engine.BshScriptEngine.evalSource(BshScriptEngine.java:87) ~[bsh-2.0b6.jar:2.0b6 2016-02-05 05:16:19]
	at bsh.engine.BshScriptEngine.eval(BshScriptEngine.java:46) ~[bsh-2.0b6.jar:2.0b6 2016-02-05 05:16:19]
	at javax.script.AbstractScriptEngine.eval(Unknown Source) ~[?:1.8.0_381]
	at org.apache.jmeter.util.JSR223TestElement.processFileOrScript(JSR223TestElement.java:232) ~[ApacheJMeter_core.jar:5.6.2]
	at org.apache.jmeter.protocol.java.sampler.JSR223Sampler.sample(JSR223Sampler.java:72) [ApacheJMeter_java.jar:5.6.2]
	at org.apache.jmeter.threads.JMeterThread.doSampling(JMeterThread.java:651) [ApacheJMeter_core.jar:5.6.2]
	at org.apache.jmeter.threads.JMeterThread.executeSamplePackage(JMeterThread.java:570) [ApacheJMeter_core.jar:5.6.2]
	at org.apache.jmeter.threads.JMeterThread.processSampler(JMeterThread.java:501) [ApacheJMeter_core.jar:5.6.2]
	at org.apache.jmeter.threads.JMeterThread.run(JMeterThread.java:268) [ApacheJMeter_core.jar:5.6.2]
	at java.lang.Thread.run(Unknown Source) [?:1.8.0_381]
Caused by: java.lang.NumberFormatException: null
	at java.lang.Integer.parseInt(Unknown Source) ~[?:1.8.0_381]
	at java.lang.Integer.parseInt(Unknown Source) ~[?:1.8.0_381]
	at sun.reflect.NativeMethodAccessorImpl.invoke0(Native Method) ~[?:1.8.0_381]
	at sun.reflect.NativeMethodAccessorImpl.invoke(Unknown Source) ~[?:1.8.0_381]
	at sun.reflect.DelegatingMethodAccessorImpl.invoke(Unknown Source) ~[?:1.8.0_381]
	at java.lang.reflect.Method.invoke(Unknown Source) ~[?:1.8.0_381]
	at bsh.Reflect.invokeMethod(Reflect.java:131) ~[bsh-2.0b6.jar:2.0b6 2016-02-05 05:16:19]
	at bsh.Reflect.invokeStaticMethod(Reflect.java:95) ~[bsh-2.0b6.jar:2.0b6 2016-02-05 05:16:19]
	at bsh.Name.invokeMethod(Name.java:868) ~[bsh-2.0b6.jar:2.0b6 2016-02-05 05:16:19]
	at bsh.BSHMethodInvocation.eval(BSHMethodInvocation.java:69) ~[bsh-2.0b6.jar:2.0b6 2016-02-05 05:16:19]
	at bsh.BSHPrimaryExpression.eval(BSHPrimaryExpression.java:96) ~[bsh-2.0b6.jar:2.0b6 2016-02-05 05:16:19]
	at bsh.BSHPrimaryExpression.eval(BSHPrimaryExpression.java:41) ~[bsh-2.0b6.jar:2.0b6 2016-02-05 05:16:19]
	at bsh.BSHBinaryExpression.eval(BSHBinaryExpression.java:46) ~[bsh-2.0b6.jar:2.0b6 2016-02-05 05:16:19]
	at bsh.BSHVariableDeclarator.eval(BSHVariableDeclarator.java:80) ~[bsh-2.0b6.jar:2.0b6 2016-02-05 05:16:19]
	at bsh.BSHTypedVariableDeclaration.eval(BSHTypedVariableDeclaration.java:78) ~[bsh-2.0b6.jar:2.0b6 2016-02-05 05:16:19]
	at bsh.Interpreter.eval(Interpreter.java:659) ~[bsh-2.0b6.jar:2.0b6 2016-02-05 05:16:19]
	at bsh.Interpreter.eval(Interpreter.java:750) ~[bsh-2.0b6.jar:2.0b6 2016-02-05 05:16:19]
	at bsh.Interpreter.eval(Interpreter.java:739) ~[bsh-2.0b6.jar:2.0b6 2016-02-05 05:16:19]
	at bsh.engine.BshScriptEngine.evalSource(BshScriptEngine.java:78) ~[bsh-2.0b6.jar:2.0b6 2016-02-05 05:16:19]
	... 9 more
2023-09-04 09:31:09,696 INFO o.a.j.t.JMeterThread: Thread is done: setup threads 1-1
2023-09-04 09:31:09,696 INFO o.a.j.t.JMeterThread: Thread finished: setup threads 1-1
2023-09-04 09:31:09,696 INFO o.a.j.e.StandardJMeterEngine: All Setup Threads have ended
2023-09-04 09:31:09,751 INFO o.a.j.e.StandardJMeterEngine: Starting ThreadGroup: 1 : Main test
2023-09-04 09:31:09,751 INFO o.a.j.e.StandardJMeterEngine: Starting 5 threads for group Main test.
2023-09-04 09:31:09,751 INFO o.a.j.e.StandardJMeterEngine: Thread will continue on error
2023-09-04 09:31:09,751 INFO o.a.j.t.ThreadGroup: Starting thread group... number=1 threads=5 ramp-up=5 delayedStart=false
2023-09-04 09:31:09,767 INFO o.a.j.t.JMeterThread: Thread started: Main test 1-1
2023-09-04 09:31:09,767 INFO o.a.j.t.ThreadGroup: Started thread group number 1
2023-09-04 09:31:09,767 INFO o.a.j.e.StandardJMeterEngine: All thread groups have been started
2023-09-04 09:31:10,195 ERROR o.a.j.m.JSR223PreProcessor: Problem in JSR223 script, Presettings
javax.script.ScriptException: javax.script.ScriptException: java.lang.NullPointerException: Cannot invoke method replace() on null object
	at org.codehaus.groovy.jsr223.GroovyScriptEngineImpl.eval(GroovyScriptEngineImpl.java:158) ~[groovy-jsr223-3.0.17.jar:3.0.17]
	at javax.script.AbstractScriptEngine.eval(Unknown Source) ~[?:1.8.0_381]
	at org.apache.jmeter.util.JSR223TestElement.processFileOrScript(JSR223TestElement.java:232) ~[ApacheJMeter_core.jar:5.6.2]
	at org.apache.jmeter.modifiers.JSR223PreProcessor.process(JSR223PreProcessor.java:45) [ApacheJMeter_components.jar:5.6.2]
	at org.apache.jmeter.threads.JMeterThread.runPreProcessors(JMeterThread.java:983) [ApacheJMeter_core.jar:5.6.2]
	at org.apache.jmeter.threads.JMeterThread.executeSamplePackage(JMeterThread.java:561) [ApacheJMeter_core.jar:5.6.2]
	at org.apache.jmeter.threads.JMeterThread.processSampler(JMeterThread.java:501) [ApacheJMeter_core.jar:5.6.2]
	at org.apache.jmeter.threads.JMeterThread.run(JMeterThread.java:268) [ApacheJMeter_core.jar:5.6.2]
	at java.lang.Thread.run(Unknown Source) [?:1.8.0_381]
Caused by: javax.script.ScriptException: java.lang.NullPointerException: Cannot invoke method replace() on null object
	at org.codehaus.groovy.jsr223.GroovyScriptEngineImpl.eval(GroovyScriptEngineImpl.java:320) ~[groovy-jsr223-3.0.17.jar:3.0.17]
	at org.codehaus.groovy.jsr223.GroovyScriptEngineImpl.eval(GroovyScriptEngineImpl.java:155) ~[groovy-jsr223-3.0.17.jar:3.0.17]
	... 8 more
Caused by: java.lang.NullPointerException: Cannot invoke method replace() on null object
	at org.codehaus.groovy.runtime.NullObject.invokeMethod(NullObject.java:91) ~[groovy-3.0.17.jar:3.0.17]
	at org.codehaus.groovy.runtime.callsite.PogoMetaClassSite.call(PogoMetaClassSite.java:44) ~[groovy-3.0.17.jar:3.0.17]
	at org.codehaus.groovy.runtime.callsite.CallSiteArray.defaultCall(CallSiteArray.java:47) ~[groovy-3.0.17.jar:3.0.17]
	at org.codehaus.groovy.runtime.callsite.NullCallSite.call(NullCallSite.java:34) ~[groovy-3.0.17.jar:3.0.17]
	at org.codehaus.groovy.runtime.callsite.CallSiteArray.defaultCall(CallSiteArray.java:47) ~[groovy-3.0.17.jar:3.0.17]
	at org.codehaus.groovy.runtime.callsite.AbstractCallSite.call(AbstractCallSite.java:125) ~[groovy-3.0.17.jar:3.0.17]
	at org.codehaus.groovy.runtime.callsite.AbstractCallSite.call(AbstractCallSite.java:148) ~[groovy-3.0.17.jar:3.0.17]
	at Script1.run(Script1.groovy:14) ~[?:?]
	at org.codehaus.groovy.jsr223.GroovyScriptEngineImpl.eval(GroovyScriptEngineImpl.java:317) ~[groovy-jsr223-3.0.17.jar:3.0.17]
	at org.codehaus.groovy.jsr223.GroovyScriptEngineImpl.eval(GroovyScriptEngineImpl.java:155) ~[groovy-jsr223-3.0.17.jar:3.0.17]
	... 8 more
2023-09-04 09:31:10,207 INFO o.a.j.p.h.s.HTTPHCAbstractImpl: Local host = ASY-WIN11-72
2023-09-04 09:31:10,211 INFO o.a.j.p.h.s.HTTPHC4Impl: HTTP request retry count = 0
2023-09-04 09:31:10,392 ERROR o.a.j.a.JSR223Assertion: Problem in JSR223 script: Validation
javax.script.ScriptException: groovy.json.JsonException: Unable to determine the current character, it is not a string, number, array, or object

The current character read is 'j' with an int value of 106
Unable to determine the current character, it is not a string, number, array, or object
line number 1
index number 0
java.net.URISyntaxException: Malformed escape pair at index 42: https://api.tmsandbox.co.nz/v1/Categories/%%category_id%%/Details.json?catalogue=false
^
	at org.codehaus.groovy.jsr223.GroovyScriptEngineImpl.eval(GroovyScriptEngineImpl.java:320) ~[groovy-jsr223-3.0.17.jar:3.0.17]
	at org.codehaus.groovy.jsr223.GroovyCompiledScript.eval(GroovyCompiledScript.java:71) ~[groovy-jsr223-3.0.17.jar:3.0.17]
	at javax.script.CompiledScript.eval(Unknown Source) ~[?:1.8.0_381]
	at org.apache.jmeter.util.JSR223TestElement.processFileOrScript(JSR223TestElement.java:230) ~[ApacheJMeter_core.jar:5.6.2]
	at org.apache.jmeter.assertions.JSR223Assertion.getResult(JSR223Assertion.java:50) [ApacheJMeter_components.jar:5.6.2]
	at org.apache.jmeter.threads.JMeterThread.processAssertion(JMeterThread.java:949) [ApacheJMeter_core.jar:5.6.2]
	at org.apache.jmeter.threads.JMeterThread.checkAssertions(JMeterThread.java:918) [ApacheJMeter_core.jar:5.6.2]
	at org.apache.jmeter.threads.JMeterThread.executeSamplePackage(JMeterThread.java:586) [ApacheJMeter_core.jar:5.6.2]
	at org.apache.jmeter.threads.JMeterThread.processSampler(JMeterThread.java:501) [ApacheJMeter_core.jar:5.6.2]
	at org.apache.jmeter.threads.JMeterThread.run(JMeterThread.java:268) [ApacheJMeter_core.jar:5.6.2]
	at java.lang.Thread.run(Unknown Source) [?:1.8.0_381]
Caused by: groovy.json.JsonException: Unable to determine the current character, it is not a string, number, array, or object

The current character read is 'j' with an int value of 106
Unable to determine the current character, it is not a string, number, array, or object
line number 1
index number 0
java.net.URISyntaxException: Malformed escape pair at index 42: https://api.tmsandbox.co.nz/v1/Categories/%%category_id%%/Details.json?catalogue=false
^
	at org.apache.groovy.json.internal.JsonParserCharArray.decodeValueInternal(JsonParserCharArray.java:202) ~[groovy-json-3.0.17.jar:3.0.17]
	at org.apache.groovy.json.internal.JsonParserCharArray.decodeValue(JsonParserCharArray.java:153) ~[groovy-json-3.0.17.jar:3.0.17]
	at org.apache.groovy.json.internal.JsonParserCharArray.decodeFromChars(JsonParserCharArray.java:43) ~[groovy-json-3.0.17.jar:3.0.17]
	at org.apache.groovy.json.internal.JsonParserCharArray.parse(JsonParserCharArray.java:380) ~[groovy-json-3.0.17.jar:3.0.17]
	at org.apache.groovy.json.internal.BaseJsonParser.parse(BaseJsonParser.java:113) ~[groovy-json-3.0.17.jar:3.0.17]
	at groovy.json.JsonSlurper.parseText(JsonSlurper.java:204) ~[groovy-json-3.0.17.jar:3.0.17]
	at groovy.json.JsonSlurper$parseText.call(Unknown Source) ~[?:?]
	at org.codehaus.groovy.runtime.callsite.CallSiteArray.defaultCall(CallSiteArray.java:47) ~[groovy-3.0.17.jar:3.0.17]
	at org.codehaus.groovy.runtime.callsite.AbstractCallSite.call(AbstractCallSite.java:125) ~[groovy-3.0.17.jar:3.0.17]
	at org.codehaus.groovy.runtime.callsite.AbstractCallSite.call(AbstractCallSite.java:139) ~[groovy-3.0.17.jar:3.0.17]
	at Script2.run(Script2.groovy:3) ~[?:?]
	at org.codehaus.groovy.jsr223.GroovyScriptEngineImpl.eval(GroovyScriptEngineImpl.java:317) ~[groovy-jsr223-3.0.17.jar:3.0.17]
	... 10 more
2023-09-04 09:31:10,423 INFO o.a.j.t.JMeterThread: Thread finished: Main test 1-1
2023-09-04 09:31:10,779 INFO o.a.j.t.JMeterThread: Thread started: Main test 1-2
2023-09-04 09:31:10,781 INFO o.a.j.t.JMeterThread: Stopping because end time detected by thread: Main test 1-2
2023-09-04 09:31:10,782 INFO o.a.j.t.JMeterThread: Thread finished: Main test 1-2
2023-09-04 09:31:11,768 INFO o.a.j.t.JMeterThread: Thread started: Main test 1-3
2023-09-04 09:31:11,768 INFO o.a.j.t.JMeterThread: Stopping because end time detected by thread: Main test 1-3
2023-09-04 09:31:11,768 INFO o.a.j.t.JMeterThread: Thread finished: Main test 1-3
2023-09-04 09:31:12,659 INFO o.a.j.g.a.Start: Stopping test
2023-09-04 09:31:12,680 INFO o.a.j.t.JMeterThread: Stopping: Main test 1-4
2023-09-04 09:31:12,682 INFO o.a.j.t.JMeterThread: Stopping: Main test 1-5
2023-09-04 09:31:12,682 INFO o.a.j.t.JMeterThread: Thread started: Main test 1-4
2023-09-04 09:31:12,682 INFO o.a.j.t.JMeterThread: Thread started: Main test 1-5
2023-09-04 09:31:12,682 INFO o.a.j.t.JMeterThread: Thread finished: Main test 1-4
2023-09-04 09:31:12,682 INFO o.a.j.t.JMeterThread: Thread finished: Main test 1-5
2023-09-04 09:31:12,682 INFO o.a.j.e.StandardJMeterEngine: Starting tearDown thread groups
2023-09-04 09:31:12,682 INFO o.a.j.e.StandardJMeterEngine: Starting tearDown ThreadGroup: 1 : tearDown
2023-09-04 09:31:12,682 INFO o.a.j.e.StandardJMeterEngine: Starting 1 threads for group tearDown.
2023-09-04 09:31:12,682 INFO o.a.j.e.StandardJMeterEngine: Thread will continue on error
2023-09-04 09:31:12,682 INFO o.a.j.t.ThreadGroup: Starting thread group... number=1 threads=1 ramp-up=1 delayedStart=false
2023-09-04 09:31:12,682 INFO o.a.j.t.ThreadGroup: Started thread group number 1
2023-09-04 09:31:12,682 INFO o.a.j.t.JMeterThread: Thread started: tearDown 1-1
2023-09-04 09:31:12,773 ERROR o.a.j.p.j.s.JSR223Sampler: Problem in JSR223 script Processing results, message: javax.script.ScriptException: java.lang.ArrayIndexOutOfBoundsException: 1
javax.script.ScriptException: java.lang.ArrayIndexOutOfBoundsException: 1
	at org.codehaus.groovy.jsr223.GroovyScriptEngineImpl.eval(GroovyScriptEngineImpl.java:320) ~[groovy-jsr223-3.0.17.jar:3.0.17]
	at org.codehaus.groovy.jsr223.GroovyCompiledScript.eval(GroovyCompiledScript.java:71) ~[groovy-jsr223-3.0.17.jar:3.0.17]
	at javax.script.CompiledScript.eval(Unknown Source) ~[?:1.8.0_381]
	at org.apache.jmeter.util.JSR223TestElement.processFileOrScript(JSR223TestElement.java:230) ~[ApacheJMeter_core.jar:5.6.2]
	at org.apache.jmeter.protocol.java.sampler.JSR223Sampler.sample(JSR223Sampler.java:72) [ApacheJMeter_java.jar:5.6.2]
	at org.apache.jmeter.threads.JMeterThread.doSampling(JMeterThread.java:651) [ApacheJMeter_core.jar:5.6.2]
	at org.apache.jmeter.threads.JMeterThread.executeSamplePackage(JMeterThread.java:570) [ApacheJMeter_core.jar:5.6.2]
	at org.apache.jmeter.threads.JMeterThread.processSampler(JMeterThread.java:501) [ApacheJMeter_core.jar:5.6.2]
	at org.apache.jmeter.threads.JMeterThread.run(JMeterThread.java:268) [ApacheJMeter_core.jar:5.6.2]
	at java.lang.Thread.run(Unknown Source) [?:1.8.0_381]
Caused by: java.lang.ArrayIndexOutOfBoundsException: 1
	at org.codehaus.groovy.runtime.dgmimpl.arrays.ObjectArrayGetAtMetaMethod.invoke(ObjectArrayGetAtMetaMethod.java:41) ~[groovy-3.0.17.jar:3.0.17]
	at groovy.lang.MetaMethod.doMethodInvoke(MetaMethod.java:323) ~[groovy-3.0.17.jar:3.0.17]
	at org.codehaus.groovy.runtime.callsite.PojoMetaMethodSite.invoke(PojoMetaMethodSite.java:46) ~[groovy-3.0.17.jar:3.0.17]
	at org.codehaus.groovy.runtime.callsite.PojoMetaMethodSite.call(PojoMetaMethodSite.java:51) ~[groovy-3.0.17.jar:3.0.17]
	at org.codehaus.groovy.runtime.callsite.CallSiteArray.defaultCall(CallSiteArray.java:47) ~[groovy-3.0.17.jar:3.0.17]
	at org.codehaus.groovy.runtime.callsite.AbstractCallSite.call(AbstractCallSite.java:125) ~[groovy-3.0.17.jar:3.0.17]
	at org.codehaus.groovy.runtime.callsite.AbstractCallSite.call(AbstractCallSite.java:139) ~[groovy-3.0.17.jar:3.0.17]
	at Script4$_run_closure1.doCall(Script4.groovy:8) ~[?:?]
	at sun.reflect.NativeMethodAccessorImpl.invoke0(Native Method) ~[?:1.8.0_381]
	at sun.reflect.NativeMethodAccessorImpl.invoke(Unknown Source) ~[?:1.8.0_381]
	at sun.reflect.DelegatingMethodAccessorImpl.invoke(Unknown Source) ~[?:1.8.0_381]
	at java.lang.reflect.Method.invoke(Unknown Source) ~[?:1.8.0_381]
	at org.codehaus.groovy.reflection.CachedMethod.invoke(CachedMethod.java:107) ~[groovy-3.0.17.jar:3.0.17]
	at groovy.lang.MetaMethod.doMethodInvoke(MetaMethod.java:323) ~[groovy-3.0.17.jar:3.0.17]
	at org.codehaus.groovy.runtime.metaclass.ClosureMetaClass.invokeMethod(ClosureMetaClass.java:274) ~[groovy-3.0.17.jar:3.0.17]
	at groovy.lang.MetaClassImpl.invokeMethod(MetaClassImpl.java:1035) ~[groovy-3.0.17.jar:3.0.17]
	at groovy.lang.Closure.call(Closure.java:412) ~[groovy-3.0.17.jar:3.0.17]
	at groovy.lang.Closure.call(Closure.java:428) ~[groovy-3.0.17.jar:3.0.17]
	at org.codehaus.groovy.runtime.DefaultGroovyMethods.each(DefaultGroovyMethods.java:2357) ~[groovy-3.0.17.jar:3.0.17]
	at org.codehaus.groovy.runtime.DefaultGroovyMethods.each(DefaultGroovyMethods.java:2342) ~[groovy-3.0.17.jar:3.0.17]
	at org.codehaus.groovy.runtime.DefaultGroovyMethods.each(DefaultGroovyMethods.java:2383) ~[groovy-3.0.17.jar:3.0.17]
	at org.codehaus.groovy.runtime.dgm$202.invoke(Unknown Source) ~[groovy-3.0.17.jar:3.0.17]
	at org.codehaus.groovy.runtime.callsite.PojoMetaMethodSite$PojoMetaMethodSiteNoUnwrapNoCoerce.invoke(PojoMetaMethodSite.java:242) ~[groovy-3.0.17.jar:3.0.17]
	at org.codehaus.groovy.runtime.callsite.PojoMetaMethodSite.call(PojoMetaMethodSite.java:51) ~[groovy-3.0.17.jar:3.0.17]
	at org.codehaus.groovy.runtime.callsite.CallSiteArray.defaultCall(CallSiteArray.java:47) ~[groovy-3.0.17.jar:3.0.17]
	at org.codehaus.groovy.runtime.callsite.AbstractCallSite.call(AbstractCallSite.java:125) ~[groovy-3.0.17.jar:3.0.17]
	at org.codehaus.groovy.runtime.callsite.AbstractCallSite.call(AbstractCallSite.java:139) ~[groovy-3.0.17.jar:3.0.17]
	at Script4.run(Script4.groovy:7) ~[?:?]
	at org.codehaus.groovy.jsr223.GroovyScriptEngineImpl.eval(GroovyScriptEngineImpl.java:317) ~[groovy-jsr223-3.0.17.jar:3.0.17]
	... 9 more
2023-09-04 09:31:12,773 INFO o.a.j.t.JMeterThread: Thread is done: tearDown 1-1
2023-09-04 09:31:12,773 INFO o.a.j.t.JMeterThread: Thread finished: tearDown 1-1
2023-09-04 09:31:12,773 INFO o.a.j.e.StandardJMeterEngine: Notifying test listeners of end of test
2023-09-04 09:31:12,773 INFO o.a.j.s.FileServer: Close: categories.csv
2023-09-04 09:31:12,789 INFO o.a.j.g.u.JMeterMenuBar: setRunning(false, *local*)
2023-09-04 10:13:55,792 INFO o.a.j.e.StandardJMeterEngine: Running the test!
2023-09-04 10:13:55,792 INFO o.a.j.s.SampleEvent: List of sample_variables: []
2023-09-04 10:13:55,792 INFO o.a.j.g.u.JMeterMenuBar: setRunning(true, *local*)
2023-09-04 10:13:55,792 INFO o.a.j.e.StandardJMeterEngine: Starting setUp thread groups
2023-09-04 10:13:55,792 INFO o.a.j.e.StandardJMeterEngine: Starting setUp ThreadGroup: 1 : setup threads 
2023-09-04 10:13:55,792 INFO o.a.j.e.StandardJMeterEngine: Starting 1 threads for group setup threads.
2023-09-04 10:13:55,792 INFO o.a.j.e.StandardJMeterEngine: Thread will continue on error
2023-09-04 10:13:55,792 INFO o.a.j.t.ThreadGroup: Starting thread group... number=1 threads=1 ramp-up=0 delayedStart=false
2023-09-04 10:13:55,792 INFO o.a.j.t.ThreadGroup: Started thread group number 1
2023-09-04 10:13:55,792 INFO o.a.j.e.StandardJMeterEngine: Waiting for all setup thread groups to exit
2023-09-04 10:13:55,792 INFO o.a.j.t.JMeterThread: Thread started: setup threads 1-1
2023-09-04 10:13:55,792 INFO o.a.j.s.FileServer: Stored: categories.csv
2023-09-04 10:13:55,808 INFO o.a.j.p.j.s.J.Threads init: CUSTOM_TIME: 21
2023-09-04 10:13:55,808 INFO o.a.j.p.j.s.J.Threads init: RUNNING TIME FROM PROPERTIES: null
2023-09-04 10:13:55,808 INFO o.a.j.p.j.s.J.Threads init: READ RUNNING TIME: null
2023-09-04 10:13:55,808 ERROR o.a.j.p.j.s.JSR223Sampler: Problem in JSR223 script Threads init, message: javax.script.ScriptException: Sourced file: inline evaluation of: ``// Calculating quantity of required threads according initial documents String[] . . . '' : Typed variable declaration : Method Invocation Integer.parseInt : at Line: 18 : in file: inline evaluation of: ``// Calculating quantity of required threads according initial documents String[] . . . '' : Integer .parseInt ( props .get ( "running_time" ) ) 

Target exception: java.lang.NumberFormatException: null
 in inline evaluation of: ``// Calculating quantity of required threads according initial documents String[] . . . '' at line number 18
javax.script.ScriptException: Sourced file: inline evaluation of: ``// Calculating quantity of required threads according initial documents String[] . . . '' : Typed variable declaration : Method Invocation Integer.parseInt : at Line: 18 : in file: inline evaluation of: ``// Calculating quantity of required threads according initial documents String[] . . . '' : Integer .parseInt ( props .get ( "running_time" ) ) 

Target exception: java.lang.NumberFormatException: null
 in inline evaluation of: ``// Calculating quantity of required threads according initial documents String[] . . . '' at line number 18
	at bsh.engine.BshScriptEngine.evalSource(BshScriptEngine.java:87) ~[bsh-2.0b6.jar:2.0b6 2016-02-05 05:16:19]
	at bsh.engine.BshScriptEngine.eval(BshScriptEngine.java:46) ~[bsh-2.0b6.jar:2.0b6 2016-02-05 05:16:19]
	at javax.script.AbstractScriptEngine.eval(Unknown Source) ~[?:1.8.0_381]
	at org.apache.jmeter.util.JSR223TestElement.processFileOrScript(JSR223TestElement.java:232) ~[ApacheJMeter_core.jar:5.6.2]
	at org.apache.jmeter.protocol.java.sampler.JSR223Sampler.sample(JSR223Sampler.java:72) [ApacheJMeter_java.jar:5.6.2]
	at org.apache.jmeter.threads.JMeterThread.doSampling(JMeterThread.java:651) [ApacheJMeter_core.jar:5.6.2]
	at org.apache.jmeter.threads.JMeterThread.executeSamplePackage(JMeterThread.java:570) [ApacheJMeter_core.jar:5.6.2]
	at org.apache.jmeter.threads.JMeterThread.processSampler(JMeterThread.java:501) [ApacheJMeter_core.jar:5.6.2]
	at org.apache.jmeter.threads.JMeterThread.run(JMeterThread.java:268) [ApacheJMeter_core.jar:5.6.2]
	at java.lang.Thread.run(Unknown Source) [?:1.8.0_381]
Caused by: java.lang.NumberFormatException: null
	at java.lang.Integer.parseInt(Unknown Source) ~[?:1.8.0_381]
	at java.lang.Integer.parseInt(Unknown Source) ~[?:1.8.0_381]
	at sun.reflect.NativeMethodAccessorImpl.invoke0(Native Method) ~[?:1.8.0_381]
	at sun.reflect.NativeMethodAccessorImpl.invoke(Unknown Source) ~[?:1.8.0_381]
	at sun.reflect.DelegatingMethodAccessorImpl.invoke(Unknown Source) ~[?:1.8.0_381]
	at java.lang.reflect.Method.invoke(Unknown Source) ~[?:1.8.0_381]
	at bsh.Reflect.invokeMethod(Reflect.java:131) ~[bsh-2.0b6.jar:2.0b6 2016-02-05 05:16:19]
	at bsh.Reflect.invokeStaticMethod(Reflect.java:95) ~[bsh-2.0b6.jar:2.0b6 2016-02-05 05:16:19]
	at bsh.Name.invokeMethod(Name.java:868) ~[bsh-2.0b6.jar:2.0b6 2016-02-05 05:16:19]
	at bsh.BSHMethodInvocation.eval(BSHMethodInvocation.java:69) ~[bsh-2.0b6.jar:2.0b6 2016-02-05 05:16:19]
	at bsh.BSHPrimaryExpression.eval(BSHPrimaryExpression.java:96) ~[bsh-2.0b6.jar:2.0b6 2016-02-05 05:16:19]
	at bsh.BSHPrimaryExpression.eval(BSHPrimaryExpression.java:41) ~[bsh-2.0b6.jar:2.0b6 2016-02-05 05:16:19]
	at bsh.BSHBinaryExpression.eval(BSHBinaryExpression.java:46) ~[bsh-2.0b6.jar:2.0b6 2016-02-05 05:16:19]
	at bsh.BSHVariableDeclarator.eval(BSHVariableDeclarator.java:80) ~[bsh-2.0b6.jar:2.0b6 2016-02-05 05:16:19]
	at bsh.BSHTypedVariableDeclaration.eval(BSHTypedVariableDeclaration.java:78) ~[bsh-2.0b6.jar:2.0b6 2016-02-05 05:16:19]
	at bsh.Interpreter.eval(Interpreter.java:659) ~[bsh-2.0b6.jar:2.0b6 2016-02-05 05:16:19]
	at bsh.Interpreter.eval(Interpreter.java:750) ~[bsh-2.0b6.jar:2.0b6 2016-02-05 05:16:19]
	at bsh.Interpreter.eval(Interpreter.java:739) ~[bsh-2.0b6.jar:2.0b6 2016-02-05 05:16:19]
	at bsh.engine.BshScriptEngine.evalSource(BshScriptEngine.java:78) ~[bsh-2.0b6.jar:2.0b6 2016-02-05 05:16:19]
	... 9 more
2023-09-04 10:13:55,808 INFO o.a.j.t.JMeterThread: Thread is done: setup threads 1-1
2023-09-04 10:13:55,808 INFO o.a.j.t.JMeterThread: Thread finished: setup threads 1-1
2023-09-04 10:13:55,808 INFO o.a.j.e.StandardJMeterEngine: All Setup Threads have ended
2023-09-04 10:13:56,011 INFO o.a.j.e.StandardJMeterEngine: Starting ThreadGroup: 1 : Main test
2023-09-04 10:13:56,011 INFO o.a.j.e.StandardJMeterEngine: Starting 5 threads for group Main test.
2023-09-04 10:13:56,011 INFO o.a.j.e.StandardJMeterEngine: Thread will continue on error
2023-09-04 10:13:56,011 INFO o.a.j.t.ThreadGroup: Starting thread group... number=1 threads=5 ramp-up=5 delayedStart=false
2023-09-04 10:13:56,011 INFO o.a.j.t.ThreadGroup: Started thread group number 1
2023-09-04 10:13:56,011 INFO o.a.j.t.JMeterThread: Thread started: Main test 1-1
2023-09-04 10:13:56,011 INFO o.a.j.e.StandardJMeterEngine: All thread groups have been started
2023-09-04 10:13:56,042 ERROR o.a.j.m.JSR223PreProcessor: Problem in JSR223 script, Presettings
javax.script.ScriptException: javax.script.ScriptException: java.lang.NullPointerException: Cannot invoke method replace() on null object
	at org.codehaus.groovy.jsr223.GroovyScriptEngineImpl.eval(GroovyScriptEngineImpl.java:158) ~[groovy-jsr223-3.0.17.jar:3.0.17]
	at javax.script.AbstractScriptEngine.eval(Unknown Source) ~[?:1.8.0_381]
	at org.apache.jmeter.util.JSR223TestElement.processFileOrScript(JSR223TestElement.java:232) ~[ApacheJMeter_core.jar:5.6.2]
	at org.apache.jmeter.modifiers.JSR223PreProcessor.process(JSR223PreProcessor.java:45) [ApacheJMeter_components.jar:5.6.2]
	at org.apache.jmeter.threads.JMeterThread.runPreProcessors(JMeterThread.java:983) [ApacheJMeter_core.jar:5.6.2]
	at org.apache.jmeter.threads.JMeterThread.executeSamplePackage(JMeterThread.java:561) [ApacheJMeter_core.jar:5.6.2]
	at org.apache.jmeter.threads.JMeterThread.processSampler(JMeterThread.java:501) [ApacheJMeter_core.jar:5.6.2]
	at org.apache.jmeter.threads.JMeterThread.run(JMeterThread.java:268) [ApacheJMeter_core.jar:5.6.2]
	at java.lang.Thread.run(Unknown Source) [?:1.8.0_381]
Caused by: javax.script.ScriptException: java.lang.NullPointerException: Cannot invoke method replace() on null object
	at org.codehaus.groovy.jsr223.GroovyScriptEngineImpl.eval(GroovyScriptEngineImpl.java:320) ~[groovy-jsr223-3.0.17.jar:3.0.17]
	at org.codehaus.groovy.jsr223.GroovyScriptEngineImpl.eval(GroovyScriptEngineImpl.java:155) ~[groovy-jsr223-3.0.17.jar:3.0.17]
	... 8 more
Caused by: java.lang.NullPointerException: Cannot invoke method replace() on null object
	at org.codehaus.groovy.runtime.NullObject.invokeMethod(NullObject.java:91) ~[groovy-3.0.17.jar:3.0.17]
	at org.codehaus.groovy.runtime.callsite.PogoMetaClassSite.call(PogoMetaClassSite.java:44) ~[groovy-3.0.17.jar:3.0.17]
	at org.codehaus.groovy.runtime.callsite.CallSiteArray.defaultCall(CallSiteArray.java:47) ~[groovy-3.0.17.jar:3.0.17]
	at org.codehaus.groovy.runtime.callsite.NullCallSite.call(NullCallSite.java:34) ~[groovy-3.0.17.jar:3.0.17]
	at org.codehaus.groovy.runtime.callsite.CallSiteArray.defaultCall(CallSiteArray.java:47) ~[groovy-3.0.17.jar:3.0.17]
	at org.codehaus.groovy.runtime.callsite.AbstractCallSite.call(AbstractCallSite.java:125) ~[groovy-3.0.17.jar:3.0.17]
	at org.codehaus.groovy.runtime.callsite.AbstractCallSite.call(AbstractCallSite.java:148) ~[groovy-3.0.17.jar:3.0.17]
	at Script5.run(Script5.groovy:14) ~[?:?]
	at org.codehaus.groovy.jsr223.GroovyScriptEngineImpl.eval(GroovyScriptEngineImpl.java:317) ~[groovy-jsr223-3.0.17.jar:3.0.17]
	at org.codehaus.groovy.jsr223.GroovyScriptEngineImpl.eval(GroovyScriptEngineImpl.java:155) ~[groovy-jsr223-3.0.17.jar:3.0.17]
	... 8 more
2023-09-04 10:13:56,089 ERROR o.a.j.a.JSR223Assertion: Problem in JSR223 script: Validation
javax.script.ScriptException: groovy.json.JsonException: Unable to determine the current character, it is not a string, number, array, or object

The current character read is 'j' with an int value of 106
Unable to determine the current character, it is not a string, number, array, or object
line number 1
index number 0
java.net.URISyntaxException: Malformed escape pair at index 42: https://api.tmsandbox.co.nz/v1/Categories/%%category_id%%/Details.json?catalogue=false
^
	at org.codehaus.groovy.jsr223.GroovyScriptEngineImpl.eval(GroovyScriptEngineImpl.java:320) ~[groovy-jsr223-3.0.17.jar:3.0.17]
	at org.codehaus.groovy.jsr223.GroovyCompiledScript.eval(GroovyCompiledScript.java:71) ~[groovy-jsr223-3.0.17.jar:3.0.17]
	at javax.script.CompiledScript.eval(Unknown Source) ~[?:1.8.0_381]
	at org.apache.jmeter.util.JSR223TestElement.processFileOrScript(JSR223TestElement.java:230) ~[ApacheJMeter_core.jar:5.6.2]
	at org.apache.jmeter.assertions.JSR223Assertion.getResult(JSR223Assertion.java:50) [ApacheJMeter_components.jar:5.6.2]
	at org.apache.jmeter.threads.JMeterThread.processAssertion(JMeterThread.java:949) [ApacheJMeter_core.jar:5.6.2]
	at org.apache.jmeter.threads.JMeterThread.checkAssertions(JMeterThread.java:918) [ApacheJMeter_core.jar:5.6.2]
	at org.apache.jmeter.threads.JMeterThread.executeSamplePackage(JMeterThread.java:586) [ApacheJMeter_core.jar:5.6.2]
	at org.apache.jmeter.threads.JMeterThread.processSampler(JMeterThread.java:501) [ApacheJMeter_core.jar:5.6.2]
	at org.apache.jmeter.threads.JMeterThread.run(JMeterThread.java:268) [ApacheJMeter_core.jar:5.6.2]
	at java.lang.Thread.run(Unknown Source) [?:1.8.0_381]
Caused by: groovy.json.JsonException: Unable to determine the current character, it is not a string, number, array, or object

The current character read is 'j' with an int value of 106
Unable to determine the current character, it is not a string, number, array, or object
line number 1
index number 0
java.net.URISyntaxException: Malformed escape pair at index 42: https://api.tmsandbox.co.nz/v1/Categories/%%category_id%%/Details.json?catalogue=false
^
	at org.apache.groovy.json.internal.JsonParserCharArray.decodeValueInternal(JsonParserCharArray.java:202) ~[groovy-json-3.0.17.jar:3.0.17]
	at org.apache.groovy.json.internal.JsonParserCharArray.decodeValue(JsonParserCharArray.java:153) ~[groovy-json-3.0.17.jar:3.0.17]
	at org.apache.groovy.json.internal.JsonParserCharArray.decodeFromChars(JsonParserCharArray.java:43) ~[groovy-json-3.0.17.jar:3.0.17]
	at org.apache.groovy.json.internal.JsonParserCharArray.parse(JsonParserCharArray.java:380) ~[groovy-json-3.0.17.jar:3.0.17]
	at org.apache.groovy.json.internal.BaseJsonParser.parse(BaseJsonParser.java:113) ~[groovy-json-3.0.17.jar:3.0.17]
	at groovy.json.JsonSlurper.parseText(JsonSlurper.java:204) ~[groovy-json-3.0.17.jar:3.0.17]
	at groovy.json.JsonSlurper$parseText.call(Unknown Source) ~[?:?]
	at org.codehaus.groovy.runtime.callsite.CallSiteArray.defaultCall(CallSiteArray.java:47) ~[groovy-3.0.17.jar:3.0.17]
	at org.codehaus.groovy.runtime.callsite.AbstractCallSite.call(AbstractCallSite.java:125) ~[groovy-3.0.17.jar:3.0.17]
	at org.codehaus.groovy.runtime.callsite.AbstractCallSite.call(AbstractCallSite.java:139) ~[groovy-3.0.17.jar:3.0.17]
	at Script6.run(Script6.groovy:3) ~[?:?]
	at org.codehaus.groovy.jsr223.GroovyScriptEngineImpl.eval(GroovyScriptEngineImpl.java:317) ~[groovy-jsr223-3.0.17.jar:3.0.17]
	... 10 more
2023-09-04 10:13:57,023 INFO o.a.j.t.JMeterThread: Thread started: Main test 1-2
2023-09-04 10:13:57,052 ERROR o.a.j.m.JSR223PreProcessor: Problem in JSR223 script, Presettings
javax.script.ScriptException: javax.script.ScriptException: java.lang.NullPointerException: Cannot invoke method replace() on null object
	at org.codehaus.groovy.jsr223.GroovyScriptEngineImpl.eval(GroovyScriptEngineImpl.java:158) ~[groovy-jsr223-3.0.17.jar:3.0.17]
	at javax.script.AbstractScriptEngine.eval(Unknown Source) ~[?:1.8.0_381]
	at org.apache.jmeter.util.JSR223TestElement.processFileOrScript(JSR223TestElement.java:232) ~[ApacheJMeter_core.jar:5.6.2]
	at org.apache.jmeter.modifiers.JSR223PreProcessor.process(JSR223PreProcessor.java:45) [ApacheJMeter_components.jar:5.6.2]
	at org.apache.jmeter.threads.JMeterThread.runPreProcessors(JMeterThread.java:983) [ApacheJMeter_core.jar:5.6.2]
	at org.apache.jmeter.threads.JMeterThread.executeSamplePackage(JMeterThread.java:561) [ApacheJMeter_core.jar:5.6.2]
	at org.apache.jmeter.threads.JMeterThread.processSampler(JMeterThread.java:501) [ApacheJMeter_core.jar:5.6.2]
	at org.apache.jmeter.threads.JMeterThread.run(JMeterThread.java:268) [ApacheJMeter_core.jar:5.6.2]
	at java.lang.Thread.run(Unknown Source) [?:1.8.0_381]
Caused by: javax.script.ScriptException: java.lang.NullPointerException: Cannot invoke method replace() on null object
	at org.codehaus.groovy.jsr223.GroovyScriptEngineImpl.eval(GroovyScriptEngineImpl.java:320) ~[groovy-jsr223-3.0.17.jar:3.0.17]
	at org.codehaus.groovy.jsr223.GroovyScriptEngineImpl.eval(GroovyScriptEngineImpl.java:155) ~[groovy-jsr223-3.0.17.jar:3.0.17]
	... 8 more
Caused by: java.lang.NullPointerException: Cannot invoke method replace() on null object
	at org.codehaus.groovy.runtime.NullObject.invokeMethod(NullObject.java:91) ~[groovy-3.0.17.jar:3.0.17]
	at org.codehaus.groovy.runtime.callsite.PogoMetaClassSite.call(PogoMetaClassSite.java:44) ~[groovy-3.0.17.jar:3.0.17]
	at org.codehaus.groovy.runtime.callsite.CallSiteArray.defaultCall(CallSiteArray.java:47) ~[groovy-3.0.17.jar:3.0.17]
	at org.codehaus.groovy.runtime.callsite.NullCallSite.call(NullCallSite.java:34) ~[groovy-3.0.17.jar:3.0.17]
	at org.codehaus.groovy.runtime.callsite.CallSiteArray.defaultCall(CallSiteArray.java:47) ~[groovy-3.0.17.jar:3.0.17]
	at org.codehaus.groovy.runtime.callsite.AbstractCallSite.call(AbstractCallSite.java:125) ~[groovy-3.0.17.jar:3.0.17]
	at org.codehaus.groovy.runtime.callsite.AbstractCallSite.call(AbstractCallSite.java:148) ~[groovy-3.0.17.jar:3.0.17]
	at Script8.run(Script8.groovy:14) ~[?:?]
	at org.codehaus.groovy.jsr223.GroovyScriptEngineImpl.eval(GroovyScriptEngineImpl.java:317) ~[groovy-jsr223-3.0.17.jar:3.0.17]
	at org.codehaus.groovy.jsr223.GroovyScriptEngineImpl.eval(GroovyScriptEngineImpl.java:155) ~[groovy-jsr223-3.0.17.jar:3.0.17]
	... 8 more
2023-09-04 10:13:57,055 ERROR o.a.j.a.JSR223Assertion: Problem in JSR223 script: Validation
javax.script.ScriptException: groovy.json.JsonException: Unable to determine the current character, it is not a string, number, array, or object

The current character read is 'j' with an int value of 106
Unable to determine the current character, it is not a string, number, array, or object
line number 1
index number 0
java.net.URISyntaxException: Malformed escape pair at index 42: https://api.tmsandbox.co.nz/v1/Categories/%%category_id%%/Details.json?catalogue=false
^
	at org.codehaus.groovy.jsr223.GroovyScriptEngineImpl.eval(GroovyScriptEngineImpl.java:320) ~[groovy-jsr223-3.0.17.jar:3.0.17]
	at org.codehaus.groovy.jsr223.GroovyCompiledScript.eval(GroovyCompiledScript.java:71) ~[groovy-jsr223-3.0.17.jar:3.0.17]
	at javax.script.CompiledScript.eval(Unknown Source) ~[?:1.8.0_381]
	at org.apache.jmeter.util.JSR223TestElement.processFileOrScript(JSR223TestElement.java:230) ~[ApacheJMeter_core.jar:5.6.2]
	at org.apache.jmeter.assertions.JSR223Assertion.getResult(JSR223Assertion.java:50) [ApacheJMeter_components.jar:5.6.2]
	at org.apache.jmeter.threads.JMeterThread.processAssertion(JMeterThread.java:949) [ApacheJMeter_core.jar:5.6.2]
	at org.apache.jmeter.threads.JMeterThread.checkAssertions(JMeterThread.java:918) [ApacheJMeter_core.jar:5.6.2]
	at org.apache.jmeter.threads.JMeterThread.executeSamplePackage(JMeterThread.java:586) [ApacheJMeter_core.jar:5.6.2]
	at org.apache.jmeter.threads.JMeterThread.processSampler(JMeterThread.java:501) [ApacheJMeter_core.jar:5.6.2]
	at org.apache.jmeter.threads.JMeterThread.run(JMeterThread.java:268) [ApacheJMeter_core.jar:5.6.2]
	at java.lang.Thread.run(Unknown Source) [?:1.8.0_381]
Caused by: groovy.json.JsonException: Unable to determine the current character, it is not a string, number, array, or object

The current character read is 'j' with an int value of 106
Unable to determine the current character, it is not a string, number, array, or object
line number 1
index number 0
java.net.URISyntaxException: Malformed escape pair at index 42: https://api.tmsandbox.co.nz/v1/Categories/%%category_id%%/Details.json?catalogue=false
^
	at org.apache.groovy.json.internal.JsonParserCharArray.decodeValueInternal(JsonParserCharArray.java:202) ~[groovy-json-3.0.17.jar:3.0.17]
	at org.apache.groovy.json.internal.JsonParserCharArray.decodeValue(JsonParserCharArray.java:153) ~[groovy-json-3.0.17.jar:3.0.17]
	at org.apache.groovy.json.internal.JsonParserCharArray.decodeFromChars(JsonParserCharArray.java:43) ~[groovy-json-3.0.17.jar:3.0.17]
	at org.apache.groovy.json.internal.JsonParserCharArray.parse(JsonParserCharArray.java:380) ~[groovy-json-3.0.17.jar:3.0.17]
	at org.apache.groovy.json.internal.BaseJsonParser.parse(BaseJsonParser.java:113) ~[groovy-json-3.0.17.jar:3.0.17]
	at groovy.json.JsonSlurper.parseText(JsonSlurper.java:204) ~[groovy-json-3.0.17.jar:3.0.17]
	at groovy.json.JsonSlurper$parseText.call(Unknown Source) ~[?:?]
	at Script6.run(Script6.groovy:3) ~[?:?]
	at org.codehaus.groovy.jsr223.GroovyScriptEngineImpl.eval(GroovyScriptEngineImpl.java:317) ~[groovy-jsr223-3.0.17.jar:3.0.17]
	... 10 more
2023-09-04 10:13:58,011 INFO o.a.j.t.JMeterThread: Thread started: Main test 1-3
2023-09-04 10:13:58,054 ERROR o.a.j.m.JSR223PreProcessor: Problem in JSR223 script, Presettings
javax.script.ScriptException: javax.script.ScriptException: java.lang.NullPointerException: Cannot invoke method replace() on null object
	at org.codehaus.groovy.jsr223.GroovyScriptEngineImpl.eval(GroovyScriptEngineImpl.java:158) ~[groovy-jsr223-3.0.17.jar:3.0.17]
	at javax.script.AbstractScriptEngine.eval(Unknown Source) ~[?:1.8.0_381]
	at org.apache.jmeter.util.JSR223TestElement.processFileOrScript(JSR223TestElement.java:232) ~[ApacheJMeter_core.jar:5.6.2]
	at org.apache.jmeter.modifiers.JSR223PreProcessor.process(JSR223PreProcessor.java:45) [ApacheJMeter_components.jar:5.6.2]
	at org.apache.jmeter.threads.JMeterThread.runPreProcessors(JMeterThread.java:983) [ApacheJMeter_core.jar:5.6.2]
	at org.apache.jmeter.threads.JMeterThread.executeSamplePackage(JMeterThread.java:561) [ApacheJMeter_core.jar:5.6.2]
	at org.apache.jmeter.threads.JMeterThread.processSampler(JMeterThread.java:501) [ApacheJMeter_core.jar:5.6.2]
	at org.apache.jmeter.threads.JMeterThread.run(JMeterThread.java:268) [ApacheJMeter_core.jar:5.6.2]
	at java.lang.Thread.run(Unknown Source) [?:1.8.0_381]
Caused by: javax.script.ScriptException: java.lang.NullPointerException: Cannot invoke method replace() on null object
	at org.codehaus.groovy.jsr223.GroovyScriptEngineImpl.eval(GroovyScriptEngineImpl.java:320) ~[groovy-jsr223-3.0.17.jar:3.0.17]
	at org.codehaus.groovy.jsr223.GroovyScriptEngineImpl.eval(GroovyScriptEngineImpl.java:155) ~[groovy-jsr223-3.0.17.jar:3.0.17]
	... 8 more
Caused by: java.lang.NullPointerException: Cannot invoke method replace() on null object
	at org.codehaus.groovy.runtime.NullObject.invokeMethod(NullObject.java:91) ~[groovy-3.0.17.jar:3.0.17]
	at org.codehaus.groovy.runtime.callsite.PogoMetaClassSite.call(PogoMetaClassSite.java:44) ~[groovy-3.0.17.jar:3.0.17]
	at org.codehaus.groovy.runtime.callsite.CallSiteArray.defaultCall(CallSiteArray.java:47) ~[groovy-3.0.17.jar:3.0.17]
	at org.codehaus.groovy.runtime.callsite.NullCallSite.call(NullCallSite.java:34) ~[groovy-3.0.17.jar:3.0.17]
	at org.codehaus.groovy.runtime.callsite.CallSiteArray.defaultCall(CallSiteArray.java:47) ~[groovy-3.0.17.jar:3.0.17]
	at org.codehaus.groovy.runtime.callsite.AbstractCallSite.call(AbstractCallSite.java:125) ~[groovy-3.0.17.jar:3.0.17]
	at org.codehaus.groovy.runtime.callsite.AbstractCallSite.call(AbstractCallSite.java:148) ~[groovy-3.0.17.jar:3.0.17]
	at Script9.run(Script9.groovy:14) ~[?:?]
	at org.codehaus.groovy.jsr223.GroovyScriptEngineImpl.eval(GroovyScriptEngineImpl.java:317) ~[groovy-jsr223-3.0.17.jar:3.0.17]
	at org.codehaus.groovy.jsr223.GroovyScriptEngineImpl.eval(GroovyScriptEngineImpl.java:155) ~[groovy-jsr223-3.0.17.jar:3.0.17]
	... 8 more
2023-09-04 10:13:58,059 ERROR o.a.j.a.JSR223Assertion: Problem in JSR223 script: Validation
javax.script.ScriptException: groovy.json.JsonException: Unable to determine the current character, it is not a string, number, array, or object

The current character read is 'j' with an int value of 106
Unable to determine the current character, it is not a string, number, array, or object
line number 1
index number 0
java.net.URISyntaxException: Malformed escape pair at index 42: https://api.tmsandbox.co.nz/v1/Categories/%%category_id%%/Details.json?catalogue=false
^
	at org.codehaus.groovy.jsr223.GroovyScriptEngineImpl.eval(GroovyScriptEngineImpl.java:320) ~[groovy-jsr223-3.0.17.jar:3.0.17]
	at org.codehaus.groovy.jsr223.GroovyCompiledScript.eval(GroovyCompiledScript.java:71) ~[groovy-jsr223-3.0.17.jar:3.0.17]
	at javax.script.CompiledScript.eval(Unknown Source) ~[?:1.8.0_381]
	at org.apache.jmeter.util.JSR223TestElement.processFileOrScript(JSR223TestElement.java:230) ~[ApacheJMeter_core.jar:5.6.2]
	at org.apache.jmeter.assertions.JSR223Assertion.getResult(JSR223Assertion.java:50) [ApacheJMeter_components.jar:5.6.2]
	at org.apache.jmeter.threads.JMeterThread.processAssertion(JMeterThread.java:949) [ApacheJMeter_core.jar:5.6.2]
	at org.apache.jmeter.threads.JMeterThread.checkAssertions(JMeterThread.java:918) [ApacheJMeter_core.jar:5.6.2]
	at org.apache.jmeter.threads.JMeterThread.executeSamplePackage(JMeterThread.java:586) [ApacheJMeter_core.jar:5.6.2]
	at org.apache.jmeter.threads.JMeterThread.processSampler(JMeterThread.java:501) [ApacheJMeter_core.jar:5.6.2]
	at org.apache.jmeter.threads.JMeterThread.run(JMeterThread.java:268) [ApacheJMeter_core.jar:5.6.2]
	at java.lang.Thread.run(Unknown Source) [?:1.8.0_381]
Caused by: groovy.json.JsonException: Unable to determine the current character, it is not a string, number, array, or object

The current character read is 'j' with an int value of 106
Unable to determine the current character, it is not a string, number, array, or object
line number 1
index number 0
java.net.URISyntaxException: Malformed escape pair at index 42: https://api.tmsandbox.co.nz/v1/Categories/%%category_id%%/Details.json?catalogue=false
^
	at org.apache.groovy.json.internal.JsonParserCharArray.decodeValueInternal(JsonParserCharArray.java:202) ~[groovy-json-3.0.17.jar:3.0.17]
	at org.apache.groovy.json.internal.JsonParserCharArray.decodeValue(JsonParserCharArray.java:153) ~[groovy-json-3.0.17.jar:3.0.17]
	at org.apache.groovy.json.internal.JsonParserCharArray.decodeFromChars(JsonParserCharArray.java:43) ~[groovy-json-3.0.17.jar:3.0.17]
	at org.apache.groovy.json.internal.JsonParserCharArray.parse(JsonParserCharArray.java:380) ~[groovy-json-3.0.17.jar:3.0.17]
	at org.apache.groovy.json.internal.BaseJsonParser.parse(BaseJsonParser.java:113) ~[groovy-json-3.0.17.jar:3.0.17]
	at groovy.json.JsonSlurper.parseText(JsonSlurper.java:204) ~[groovy-json-3.0.17.jar:3.0.17]
	at groovy.json.JsonSlurper$parseText.call(Unknown Source) ~[?:?]
	at Script6.run(Script6.groovy:3) ~[?:?]
	at org.codehaus.groovy.jsr223.GroovyScriptEngineImpl.eval(GroovyScriptEngineImpl.java:317) ~[groovy-jsr223-3.0.17.jar:3.0.17]
	... 10 more
2023-09-04 10:13:58,443 INFO o.a.j.g.a.Start: Stopping test
2023-09-04 10:13:58,459 INFO o.a.j.t.JMeterThread: Stopping: Main test 1-5
2023-09-04 10:13:58,460 INFO o.a.j.t.JMeterThread: Stopping: Main test 1-2
2023-09-04 10:13:58,460 INFO o.a.j.t.JMeterThread: Thread started: Main test 1-5
2023-09-04 10:13:58,460 INFO o.a.j.t.JMeterThread: Stopping: Main test 1-3
2023-09-04 10:13:58,460 WARN o.a.j.t.JMeterThread: The delay timer was interrupted - probably did not wait as long as intended.
2023-09-04 10:13:58,461 INFO o.a.j.t.JMeterThread: Stopping: Main test 1-4
2023-09-04 10:13:58,461 WARN o.a.j.t.JMeterThread: The delay timer was interrupted - probably did not wait as long as intended.
2023-09-04 10:13:58,461 INFO o.a.j.t.JMeterThread: Thread finished: Main test 1-2
2023-09-04 10:13:58,461 INFO o.a.j.t.JMeterThread: Stopping: Main test 1-1
2023-09-04 10:13:58,461 INFO o.a.j.t.JMeterThread: Thread started: Main test 1-4
2023-09-04 10:13:58,461 INFO o.a.j.t.JMeterThread: Thread finished: Main test 1-3
2023-09-04 10:13:58,462 INFO o.a.j.t.JMeterThread: Thread finished: Main test 1-5
2023-09-04 10:13:58,464 WARN o.a.j.t.JMeterThread: The delay timer was interrupted - probably did not wait as long as intended.
2023-09-04 10:13:58,464 INFO o.a.j.t.JMeterThread: Thread finished: Main test 1-4
2023-09-04 10:13:58,464 INFO o.a.j.t.JMeterThread: Thread finished: Main test 1-1
2023-09-04 10:13:58,464 INFO o.a.j.e.StandardJMeterEngine: Starting tearDown thread groups
2023-09-04 10:13:58,464 INFO o.a.j.e.StandardJMeterEngine: Starting tearDown ThreadGroup: 1 : tearDown
2023-09-04 10:13:58,464 INFO o.a.j.e.StandardJMeterEngine: Starting 1 threads for group tearDown.
2023-09-04 10:13:58,464 INFO o.a.j.e.StandardJMeterEngine: Thread will continue on error
2023-09-04 10:13:58,464 INFO o.a.j.t.ThreadGroup: Starting thread group... number=1 threads=1 ramp-up=1 delayedStart=false
2023-09-04 10:13:58,464 INFO o.a.j.t.ThreadGroup: Started thread group number 1
2023-09-04 10:13:58,464 INFO o.a.j.t.JMeterThread: Thread started: tearDown 1-1
2023-09-04 10:13:58,492 ERROR o.a.j.p.j.s.JSR223Sampler: Problem in JSR223 script Processing results, message: javax.script.ScriptException: java.lang.ArrayIndexOutOfBoundsException: 1
javax.script.ScriptException: java.lang.ArrayIndexOutOfBoundsException: 1
	at org.codehaus.groovy.jsr223.GroovyScriptEngineImpl.eval(GroovyScriptEngineImpl.java:320) ~[groovy-jsr223-3.0.17.jar:3.0.17]
	at org.codehaus.groovy.jsr223.GroovyCompiledScript.eval(GroovyCompiledScript.java:71) ~[groovy-jsr223-3.0.17.jar:3.0.17]
	at javax.script.CompiledScript.eval(Unknown Source) ~[?:1.8.0_381]
	at org.apache.jmeter.util.JSR223TestElement.processFileOrScript(JSR223TestElement.java:230) ~[ApacheJMeter_core.jar:5.6.2]
	at org.apache.jmeter.protocol.java.sampler.JSR223Sampler.sample(JSR223Sampler.java:72) [ApacheJMeter_java.jar:5.6.2]
	at org.apache.jmeter.threads.JMeterThread.doSampling(JMeterThread.java:651) [ApacheJMeter_core.jar:5.6.2]
	at org.apache.jmeter.threads.JMeterThread.executeSamplePackage(JMeterThread.java:570) [ApacheJMeter_core.jar:5.6.2]
	at org.apache.jmeter.threads.JMeterThread.processSampler(JMeterThread.java:501) [ApacheJMeter_core.jar:5.6.2]
	at org.apache.jmeter.threads.JMeterThread.run(JMeterThread.java:268) [ApacheJMeter_core.jar:5.6.2]
	at java.lang.Thread.run(Unknown Source) [?:1.8.0_381]
Caused by: java.lang.ArrayIndexOutOfBoundsException: 1
	at org.codehaus.groovy.runtime.dgmimpl.arrays.ObjectArrayGetAtMetaMethod.invoke(ObjectArrayGetAtMetaMethod.java:41) ~[groovy-3.0.17.jar:3.0.17]
	at groovy.lang.MetaMethod.doMethodInvoke(MetaMethod.java:323) ~[groovy-3.0.17.jar:3.0.17]
	at org.codehaus.groovy.runtime.callsite.PojoMetaMethodSite.invoke(PojoMetaMethodSite.java:46) ~[groovy-3.0.17.jar:3.0.17]
	at org.codehaus.groovy.runtime.callsite.PojoMetaMethodSite.call(PojoMetaMethodSite.java:51) ~[groovy-3.0.17.jar:3.0.17]
	at org.codehaus.groovy.runtime.callsite.CallSiteArray.defaultCall(CallSiteArray.java:47) ~[groovy-3.0.17.jar:3.0.17]
	at org.codehaus.groovy.runtime.callsite.AbstractCallSite.call(AbstractCallSite.java:125) ~[groovy-3.0.17.jar:3.0.17]
	at org.codehaus.groovy.runtime.callsite.AbstractCallSite.call(AbstractCallSite.java:139) ~[groovy-3.0.17.jar:3.0.17]
	at Script10$_run_closure1.doCall(Script10.groovy:8) ~[?:?]
	at sun.reflect.NativeMethodAccessorImpl.invoke0(Native Method) ~[?:1.8.0_381]
	at sun.reflect.NativeMethodAccessorImpl.invoke(Unknown Source) ~[?:1.8.0_381]
	at sun.reflect.DelegatingMethodAccessorImpl.invoke(Unknown Source) ~[?:1.8.0_381]
	at java.lang.reflect.Method.invoke(Unknown Source) ~[?:1.8.0_381]
	at org.codehaus.groovy.reflection.CachedMethod.invoke(CachedMethod.java:107) ~[groovy-3.0.17.jar:3.0.17]
	at groovy.lang.MetaMethod.doMethodInvoke(MetaMethod.java:323) ~[groovy-3.0.17.jar:3.0.17]
	at org.codehaus.groovy.runtime.metaclass.ClosureMetaClass.invokeMethod(ClosureMetaClass.java:274) ~[groovy-3.0.17.jar:3.0.17]
	at groovy.lang.MetaClassImpl.invokeMethod(MetaClassImpl.java:1035) ~[groovy-3.0.17.jar:3.0.17]
	at groovy.lang.Closure.call(Closure.java:412) ~[groovy-3.0.17.jar:3.0.17]
	at groovy.lang.Closure.call(Closure.java:428) ~[groovy-3.0.17.jar:3.0.17]
	at org.codehaus.groovy.runtime.DefaultGroovyMethods.each(DefaultGroovyMethods.java:2357) ~[groovy-3.0.17.jar:3.0.17]
	at org.codehaus.groovy.runtime.DefaultGroovyMethods.each(DefaultGroovyMethods.java:2342) ~[groovy-3.0.17.jar:3.0.17]
	at org.codehaus.groovy.runtime.DefaultGroovyMethods.each(DefaultGroovyMethods.java:2383) ~[groovy-3.0.17.jar:3.0.17]
	at org.codehaus.groovy.runtime.dgm$202.invoke(Unknown Source) ~[groovy-3.0.17.jar:3.0.17]
	at org.codehaus.groovy.runtime.callsite.PojoMetaMethodSite$PojoMetaMethodSiteNoUnwrapNoCoerce.invoke(PojoMetaMethodSite.java:242) ~[groovy-3.0.17.jar:3.0.17]
	at org.codehaus.groovy.runtime.callsite.PojoMetaMethodSite.call(PojoMetaMethodSite.java:51) ~[groovy-3.0.17.jar:3.0.17]
	at org.codehaus.groovy.runtime.callsite.CallSiteArray.defaultCall(CallSiteArray.java:47) ~[groovy-3.0.17.jar:3.0.17]
	at org.codehaus.groovy.runtime.callsite.AbstractCallSite.call(AbstractCallSite.java:125) ~[groovy-3.0.17.jar:3.0.17]
	at org.codehaus.groovy.runtime.callsite.AbstractCallSite.call(AbstractCallSite.java:139) ~[groovy-3.0.17.jar:3.0.17]
	at Script10.run(Script10.groovy:7) ~[?:?]
	at org.codehaus.groovy.jsr223.GroovyScriptEngineImpl.eval(GroovyScriptEngineImpl.java:317) ~[groovy-jsr223-3.0.17.jar:3.0.17]
	... 9 more
2023-09-04 10:13:58,493 INFO o.a.j.t.JMeterThread: Thread is done: tearDown 1-1
2023-09-04 10:13:58,493 INFO o.a.j.t.JMeterThread: Thread finished: tearDown 1-1
2023-09-04 10:13:58,494 INFO o.a.j.e.StandardJMeterEngine: Notifying test listeners of end of test
2023-09-04 10:13:58,494 INFO o.a.j.s.FileServer: Close: categories.csv
2023-09-04 10:13:58,495 INFO o.a.j.g.u.JMeterMenuBar: setRunning(false, *local*)
2023-09-04 10:14:01,726 INFO o.a.j.e.StandardJMeterEngine: Running the test!
2023-09-04 10:14:01,726 INFO o.a.j.s.SampleEvent: List of sample_variables: []
2023-09-04 10:14:01,726 INFO o.a.j.g.u.JMeterMenuBar: setRunning(true, *local*)
2023-09-04 10:14:01,726 INFO o.a.j.e.StandardJMeterEngine: Starting setUp thread groups
2023-09-04 10:14:01,726 INFO o.a.j.e.StandardJMeterEngine: Starting setUp ThreadGroup: 1 : setup threads 
2023-09-04 10:14:01,726 INFO o.a.j.e.StandardJMeterEngine: Starting 1 threads for group setup threads.
2023-09-04 10:14:01,726 INFO o.a.j.e.StandardJMeterEngine: Thread will continue on error
2023-09-04 10:14:01,726 INFO o.a.j.t.ThreadGroup: Starting thread group... number=1 threads=1 ramp-up=0 delayedStart=false
2023-09-04 10:14:01,726 INFO o.a.j.t.ThreadGroup: Started thread group number 1
2023-09-04 10:14:01,726 INFO o.a.j.e.StandardJMeterEngine: Waiting for all setup thread groups to exit
2023-09-04 10:14:01,726 INFO o.a.j.t.JMeterThread: Thread started: setup threads 1-1
2023-09-04 10:14:01,726 INFO o.a.j.s.FileServer: Stored: categories.csv
2023-09-04 10:14:01,741 INFO o.a.j.p.j.s.J.Threads init: CUSTOM_TIME: 21
2023-09-04 10:14:01,741 INFO o.a.j.p.j.s.J.Threads init: RUNNING TIME FROM PROPERTIES: null
2023-09-04 10:14:01,741 INFO o.a.j.p.j.s.J.Threads init: READ RUNNING TIME: null
2023-09-04 10:14:01,741 ERROR o.a.j.p.j.s.JSR223Sampler: Problem in JSR223 script Threads init, message: javax.script.ScriptException: Sourced file: inline evaluation of: ``// Calculating quantity of required threads according initial documents String[] . . . '' : Typed variable declaration : Method Invocation Integer.parseInt : at Line: 18 : in file: inline evaluation of: ``// Calculating quantity of required threads according initial documents String[] . . . '' : Integer .parseInt ( props .get ( "running_time" ) ) 

Target exception: java.lang.NumberFormatException: null
 in inline evaluation of: ``// Calculating quantity of required threads according initial documents String[] . . . '' at line number 18
javax.script.ScriptException: Sourced file: inline evaluation of: ``// Calculating quantity of required threads according initial documents String[] . . . '' : Typed variable declaration : Method Invocation Integer.parseInt : at Line: 18 : in file: inline evaluation of: ``// Calculating quantity of required threads according initial documents String[] . . . '' : Integer .parseInt ( props .get ( "running_time" ) ) 

Target exception: java.lang.NumberFormatException: null
 in inline evaluation of: ``// Calculating quantity of required threads according initial documents String[] . . . '' at line number 18
	at bsh.engine.BshScriptEngine.evalSource(BshScriptEngine.java:87) ~[bsh-2.0b6.jar:2.0b6 2016-02-05 05:16:19]
	at bsh.engine.BshScriptEngine.eval(BshScriptEngine.java:46) ~[bsh-2.0b6.jar:2.0b6 2016-02-05 05:16:19]
	at javax.script.AbstractScriptEngine.eval(Unknown Source) ~[?:1.8.0_381]
	at org.apache.jmeter.util.JSR223TestElement.processFileOrScript(JSR223TestElement.java:232) ~[ApacheJMeter_core.jar:5.6.2]
	at org.apache.jmeter.protocol.java.sampler.JSR223Sampler.sample(JSR223Sampler.java:72) [ApacheJMeter_java.jar:5.6.2]
	at org.apache.jmeter.threads.JMeterThread.doSampling(JMeterThread.java:651) [ApacheJMeter_core.jar:5.6.2]
	at org.apache.jmeter.threads.JMeterThread.executeSamplePackage(JMeterThread.java:570) [ApacheJMeter_core.jar:5.6.2]
	at org.apache.jmeter.threads.JMeterThread.processSampler(JMeterThread.java:501) [ApacheJMeter_core.jar:5.6.2]
	at org.apache.jmeter.threads.JMeterThread.run(JMeterThread.java:268) [ApacheJMeter_core.jar:5.6.2]
	at java.lang.Thread.run(Unknown Source) [?:1.8.0_381]
Caused by: java.lang.NumberFormatException: null
	at java.lang.Integer.parseInt(Unknown Source) ~[?:1.8.0_381]
	at java.lang.Integer.parseInt(Unknown Source) ~[?:1.8.0_381]
	at sun.reflect.NativeMethodAccessorImpl.invoke0(Native Method) ~[?:1.8.0_381]
	at sun.reflect.NativeMethodAccessorImpl.invoke(Unknown Source) ~[?:1.8.0_381]
	at sun.reflect.DelegatingMethodAccessorImpl.invoke(Unknown Source) ~[?:1.8.0_381]
	at java.lang.reflect.Method.invoke(Unknown Source) ~[?:1.8.0_381]
	at bsh.Reflect.invokeMethod(Reflect.java:131) ~[bsh-2.0b6.jar:2.0b6 2016-02-05 05:16:19]
	at bsh.Reflect.invokeStaticMethod(Reflect.java:95) ~[bsh-2.0b6.jar:2.0b6 2016-02-05 05:16:19]
	at bsh.Name.invokeMethod(Name.java:868) ~[bsh-2.0b6.jar:2.0b6 2016-02-05 05:16:19]
	at bsh.BSHMethodInvocation.eval(BSHMethodInvocation.java:69) ~[bsh-2.0b6.jar:2.0b6 2016-02-05 05:16:19]
	at bsh.BSHPrimaryExpression.eval(BSHPrimaryExpression.java:96) ~[bsh-2.0b6.jar:2.0b6 2016-02-05 05:16:19]
	at bsh.BSHPrimaryExpression.eval(BSHPrimaryExpression.java:41) ~[bsh-2.0b6.jar:2.0b6 2016-02-05 05:16:19]
	at bsh.BSHBinaryExpression.eval(BSHBinaryExpression.java:46) ~[bsh-2.0b6.jar:2.0b6 2016-02-05 05:16:19]
	at bsh.BSHVariableDeclarator.eval(BSHVariableDeclarator.java:80) ~[bsh-2.0b6.jar:2.0b6 2016-02-05 05:16:19]
	at bsh.BSHTypedVariableDeclaration.eval(BSHTypedVariableDeclaration.java:78) ~[bsh-2.0b6.jar:2.0b6 2016-02-05 05:16:19]
	at bsh.Interpreter.eval(Interpreter.java:659) ~[bsh-2.0b6.jar:2.0b6 2016-02-05 05:16:19]
	at bsh.Interpreter.eval(Interpreter.java:750) ~[bsh-2.0b6.jar:2.0b6 2016-02-05 05:16:19]
	at bsh.Interpreter.eval(Interpreter.java:739) ~[bsh-2.0b6.jar:2.0b6 2016-02-05 05:16:19]
	at bsh.engine.BshScriptEngine.evalSource(BshScriptEngine.java:78) ~[bsh-2.0b6.jar:2.0b6 2016-02-05 05:16:19]
	... 9 more
2023-09-04 10:14:01,741 INFO o.a.j.t.JMeterThread: Thread is done: setup threads 1-1
2023-09-04 10:14:01,741 INFO o.a.j.t.JMeterThread: Thread finished: setup threads 1-1
2023-09-04 10:14:01,741 INFO o.a.j.e.StandardJMeterEngine: All Setup Threads have ended
2023-09-04 10:14:01,834 INFO o.a.j.e.StandardJMeterEngine: Starting ThreadGroup: 1 : Main test
2023-09-04 10:14:01,834 INFO o.a.j.e.StandardJMeterEngine: Starting 5 threads for group Main test.
2023-09-04 10:14:01,834 INFO o.a.j.e.StandardJMeterEngine: Thread will continue on error
2023-09-04 10:14:01,834 INFO o.a.j.t.ThreadGroup: Starting thread group... number=1 threads=5 ramp-up=5 delayedStart=false
2023-09-04 10:14:01,834 INFO o.a.j.t.ThreadGroup: Started thread group number 1
2023-09-04 10:14:01,834 INFO o.a.j.e.StandardJMeterEngine: All thread groups have been started
2023-09-04 10:14:01,834 INFO o.a.j.t.JMeterThread: Thread started: Main test 1-1
2023-09-04 10:14:01,849 ERROR o.a.j.m.JSR223PreProcessor: Problem in JSR223 script, Presettings
javax.script.ScriptException: javax.script.ScriptException: java.lang.NullPointerException: Cannot invoke method replace() on null object
	at org.codehaus.groovy.jsr223.GroovyScriptEngineImpl.eval(GroovyScriptEngineImpl.java:158) ~[groovy-jsr223-3.0.17.jar:3.0.17]
	at javax.script.AbstractScriptEngine.eval(Unknown Source) ~[?:1.8.0_381]
	at org.apache.jmeter.util.JSR223TestElement.processFileOrScript(JSR223TestElement.java:232) ~[ApacheJMeter_core.jar:5.6.2]
	at org.apache.jmeter.modifiers.JSR223PreProcessor.process(JSR223PreProcessor.java:45) [ApacheJMeter_components.jar:5.6.2]
	at org.apache.jmeter.threads.JMeterThread.runPreProcessors(JMeterThread.java:983) [ApacheJMeter_core.jar:5.6.2]
	at org.apache.jmeter.threads.JMeterThread.executeSamplePackage(JMeterThread.java:561) [ApacheJMeter_core.jar:5.6.2]
	at org.apache.jmeter.threads.JMeterThread.processSampler(JMeterThread.java:501) [ApacheJMeter_core.jar:5.6.2]
	at org.apache.jmeter.threads.JMeterThread.run(JMeterThread.java:268) [ApacheJMeter_core.jar:5.6.2]
	at java.lang.Thread.run(Unknown Source) [?:1.8.0_381]
Caused by: javax.script.ScriptException: java.lang.NullPointerException: Cannot invoke method replace() on null object
	at org.codehaus.groovy.jsr223.GroovyScriptEngineImpl.eval(GroovyScriptEngineImpl.java:320) ~[groovy-jsr223-3.0.17.jar:3.0.17]
	at org.codehaus.groovy.jsr223.GroovyScriptEngineImpl.eval(GroovyScriptEngineImpl.java:155) ~[groovy-jsr223-3.0.17.jar:3.0.17]
	... 8 more
Caused by: java.lang.NullPointerException: Cannot invoke method replace() on null object
	at org.codehaus.groovy.runtime.NullObject.invokeMethod(NullObject.java:91) ~[groovy-3.0.17.jar:3.0.17]
	at org.codehaus.groovy.runtime.callsite.PogoMetaClassSite.call(PogoMetaClassSite.java:44) ~[groovy-3.0.17.jar:3.0.17]
	at org.codehaus.groovy.runtime.callsite.CallSiteArray.defaultCall(CallSiteArray.java:47) ~[groovy-3.0.17.jar:3.0.17]
	at org.codehaus.groovy.runtime.callsite.NullCallSite.call(NullCallSite.java:34) ~[groovy-3.0.17.jar:3.0.17]
	at org.codehaus.groovy.runtime.callsite.CallSiteArray.defaultCall(CallSiteArray.java:47) ~[groovy-3.0.17.jar:3.0.17]
	at org.codehaus.groovy.runtime.callsite.AbstractCallSite.call(AbstractCallSite.java:125) ~[groovy-3.0.17.jar:3.0.17]
	at org.codehaus.groovy.runtime.callsite.AbstractCallSite.call(AbstractCallSite.java:148) ~[groovy-3.0.17.jar:3.0.17]
	at Script11.run(Script11.groovy:14) ~[?:?]
	at org.codehaus.groovy.jsr223.GroovyScriptEngineImpl.eval(GroovyScriptEngineImpl.java:317) ~[groovy-jsr223-3.0.17.jar:3.0.17]
	at org.codehaus.groovy.jsr223.GroovyScriptEngineImpl.eval(GroovyScriptEngineImpl.java:155) ~[groovy-jsr223-3.0.17.jar:3.0.17]
	... 8 more
2023-09-04 10:14:01,880 ERROR o.a.j.a.JSR223Assertion: Problem in JSR223 script: Validation
javax.script.ScriptException: groovy.json.JsonException: Unable to determine the current character, it is not a string, number, array, or object

The current character read is 'j' with an int value of 106
Unable to determine the current character, it is not a string, number, array, or object
line number 1
index number 0
java.net.URISyntaxException: Malformed escape pair at index 42: https://api.tmsandbox.co.nz/v1/Categories/%%category_id%%/Details.json?catalogue=false
^
	at org.codehaus.groovy.jsr223.GroovyScriptEngineImpl.eval(GroovyScriptEngineImpl.java:320) ~[groovy-jsr223-3.0.17.jar:3.0.17]
	at org.codehaus.groovy.jsr223.GroovyCompiledScript.eval(GroovyCompiledScript.java:71) ~[groovy-jsr223-3.0.17.jar:3.0.17]
	at javax.script.CompiledScript.eval(Unknown Source) ~[?:1.8.0_381]
	at org.apache.jmeter.util.JSR223TestElement.processFileOrScript(JSR223TestElement.java:230) ~[ApacheJMeter_core.jar:5.6.2]
	at org.apache.jmeter.assertions.JSR223Assertion.getResult(JSR223Assertion.java:50) [ApacheJMeter_components.jar:5.6.2]
	at org.apache.jmeter.threads.JMeterThread.processAssertion(JMeterThread.java:949) [ApacheJMeter_core.jar:5.6.2]
	at org.apache.jmeter.threads.JMeterThread.checkAssertions(JMeterThread.java:918) [ApacheJMeter_core.jar:5.6.2]
	at org.apache.jmeter.threads.JMeterThread.executeSamplePackage(JMeterThread.java:586) [ApacheJMeter_core.jar:5.6.2]
	at org.apache.jmeter.threads.JMeterThread.processSampler(JMeterThread.java:501) [ApacheJMeter_core.jar:5.6.2]
	at org.apache.jmeter.threads.JMeterThread.run(JMeterThread.java:268) [ApacheJMeter_core.jar:5.6.2]
	at java.lang.Thread.run(Unknown Source) [?:1.8.0_381]
Caused by: groovy.json.JsonException: Unable to determine the current character, it is not a string, number, array, or object

The current character read is 'j' with an int value of 106
Unable to determine the current character, it is not a string, number, array, or object
line number 1
index number 0
java.net.URISyntaxException: Malformed escape pair at index 42: https://api.tmsandbox.co.nz/v1/Categories/%%category_id%%/Details.json?catalogue=false
^
	at org.apache.groovy.json.internal.JsonParserCharArray.decodeValueInternal(JsonParserCharArray.java:202) ~[groovy-json-3.0.17.jar:3.0.17]
	at org.apache.groovy.json.internal.JsonParserCharArray.decodeValue(JsonParserCharArray.java:153) ~[groovy-json-3.0.17.jar:3.0.17]
	at org.apache.groovy.json.internal.JsonParserCharArray.decodeFromChars(JsonParserCharArray.java:43) ~[groovy-json-3.0.17.jar:3.0.17]
	at org.apache.groovy.json.internal.JsonParserCharArray.parse(JsonParserCharArray.java:380) ~[groovy-json-3.0.17.jar:3.0.17]
	at org.apache.groovy.json.internal.BaseJsonParser.parse(BaseJsonParser.java:113) ~[groovy-json-3.0.17.jar:3.0.17]
	at groovy.json.JsonSlurper.parseText(JsonSlurper.java:204) ~[groovy-json-3.0.17.jar:3.0.17]
	at groovy.json.JsonSlurper$parseText.call(Unknown Source) ~[?:?]
	at org.codehaus.groovy.runtime.callsite.CallSiteArray.defaultCall(CallSiteArray.java:47) ~[groovy-3.0.17.jar:3.0.17]
	at org.codehaus.groovy.runtime.callsite.AbstractCallSite.call(AbstractCallSite.java:125) ~[groovy-3.0.17.jar:3.0.17]
	at org.codehaus.groovy.runtime.callsite.AbstractCallSite.call(AbstractCallSite.java:139) ~[groovy-3.0.17.jar:3.0.17]
	at Script12.run(Script12.groovy:3) ~[?:?]
	at org.codehaus.groovy.jsr223.GroovyScriptEngineImpl.eval(GroovyScriptEngineImpl.java:317) ~[groovy-jsr223-3.0.17.jar:3.0.17]
	... 10 more
2023-09-04 10:14:02,847 INFO o.a.j.t.JMeterThread: Thread started: Main test 1-2
2023-09-04 10:14:02,871 ERROR o.a.j.m.JSR223PreProcessor: Problem in JSR223 script, Presettings
javax.script.ScriptException: javax.script.ScriptException: java.lang.NullPointerException: Cannot invoke method replace() on null object
	at org.codehaus.groovy.jsr223.GroovyScriptEngineImpl.eval(GroovyScriptEngineImpl.java:158) ~[groovy-jsr223-3.0.17.jar:3.0.17]
	at javax.script.AbstractScriptEngine.eval(Unknown Source) ~[?:1.8.0_381]
	at org.apache.jmeter.util.JSR223TestElement.processFileOrScript(JSR223TestElement.java:232) ~[ApacheJMeter_core.jar:5.6.2]
	at org.apache.jmeter.modifiers.JSR223PreProcessor.process(JSR223PreProcessor.java:45) [ApacheJMeter_components.jar:5.6.2]
	at org.apache.jmeter.threads.JMeterThread.runPreProcessors(JMeterThread.java:983) [ApacheJMeter_core.jar:5.6.2]
	at org.apache.jmeter.threads.JMeterThread.executeSamplePackage(JMeterThread.java:561) [ApacheJMeter_core.jar:5.6.2]
	at org.apache.jmeter.threads.JMeterThread.processSampler(JMeterThread.java:501) [ApacheJMeter_core.jar:5.6.2]
	at org.apache.jmeter.threads.JMeterThread.run(JMeterThread.java:268) [ApacheJMeter_core.jar:5.6.2]
	at java.lang.Thread.run(Unknown Source) [?:1.8.0_381]
Caused by: javax.script.ScriptException: java.lang.NullPointerException: Cannot invoke method replace() on null object
	at org.codehaus.groovy.jsr223.GroovyScriptEngineImpl.eval(GroovyScriptEngineImpl.java:320) ~[groovy-jsr223-3.0.17.jar:3.0.17]
	at org.codehaus.groovy.jsr223.GroovyScriptEngineImpl.eval(GroovyScriptEngineImpl.java:155) ~[groovy-jsr223-3.0.17.jar:3.0.17]
	... 8 more
Caused by: java.lang.NullPointerException: Cannot invoke method replace() on null object
	at org.codehaus.groovy.runtime.NullObject.invokeMethod(NullObject.java:91) ~[groovy-3.0.17.jar:3.0.17]
	at org.codehaus.groovy.runtime.callsite.PogoMetaClassSite.call(PogoMetaClassSite.java:44) ~[groovy-3.0.17.jar:3.0.17]
	at org.codehaus.groovy.runtime.callsite.CallSiteArray.defaultCall(CallSiteArray.java:47) ~[groovy-3.0.17.jar:3.0.17]
	at org.codehaus.groovy.runtime.callsite.NullCallSite.call(NullCallSite.java:34) ~[groovy-3.0.17.jar:3.0.17]
	at org.codehaus.groovy.runtime.callsite.CallSiteArray.defaultCall(CallSiteArray.java:47) ~[groovy-3.0.17.jar:3.0.17]
	at org.codehaus.groovy.runtime.callsite.AbstractCallSite.call(AbstractCallSite.java:125) ~[groovy-3.0.17.jar:3.0.17]
	at org.codehaus.groovy.runtime.callsite.AbstractCallSite.call(AbstractCallSite.java:148) ~[groovy-3.0.17.jar:3.0.17]
	at Script14.run(Script14.groovy:14) ~[?:?]
	at org.codehaus.groovy.jsr223.GroovyScriptEngineImpl.eval(GroovyScriptEngineImpl.java:317) ~[groovy-jsr223-3.0.17.jar:3.0.17]
	at org.codehaus.groovy.jsr223.GroovyScriptEngineImpl.eval(GroovyScriptEngineImpl.java:155) ~[groovy-jsr223-3.0.17.jar:3.0.17]
	... 8 more
2023-09-04 10:14:02,873 ERROR o.a.j.a.JSR223Assertion: Problem in JSR223 script: Validation
javax.script.ScriptException: groovy.json.JsonException: Unable to determine the current character, it is not a string, number, array, or object

The current character read is 'j' with an int value of 106
Unable to determine the current character, it is not a string, number, array, or object
line number 1
index number 0
java.net.URISyntaxException: Malformed escape pair at index 42: https://api.tmsandbox.co.nz/v1/Categories/%%category_id%%/Details.json?catalogue=false
^
	at org.codehaus.groovy.jsr223.GroovyScriptEngineImpl.eval(GroovyScriptEngineImpl.java:320) ~[groovy-jsr223-3.0.17.jar:3.0.17]
	at org.codehaus.groovy.jsr223.GroovyCompiledScript.eval(GroovyCompiledScript.java:71) ~[groovy-jsr223-3.0.17.jar:3.0.17]
	at javax.script.CompiledScript.eval(Unknown Source) ~[?:1.8.0_381]
	at org.apache.jmeter.util.JSR223TestElement.processFileOrScript(JSR223TestElement.java:230) ~[ApacheJMeter_core.jar:5.6.2]
	at org.apache.jmeter.assertions.JSR223Assertion.getResult(JSR223Assertion.java:50) [ApacheJMeter_components.jar:5.6.2]
	at org.apache.jmeter.threads.JMeterThread.processAssertion(JMeterThread.java:949) [ApacheJMeter_core.jar:5.6.2]
	at org.apache.jmeter.threads.JMeterThread.checkAssertions(JMeterThread.java:918) [ApacheJMeter_core.jar:5.6.2]
	at org.apache.jmeter.threads.JMeterThread.executeSamplePackage(JMeterThread.java:586) [ApacheJMeter_core.jar:5.6.2]
	at org.apache.jmeter.threads.JMeterThread.processSampler(JMeterThread.java:501) [ApacheJMeter_core.jar:5.6.2]
	at org.apache.jmeter.threads.JMeterThread.run(JMeterThread.java:268) [ApacheJMeter_core.jar:5.6.2]
	at java.lang.Thread.run(Unknown Source) [?:1.8.0_381]
Caused by: groovy.json.JsonException: Unable to determine the current character, it is not a string, number, array, or object

The current character read is 'j' with an int value of 106
Unable to determine the current character, it is not a string, number, array, or object
line number 1
index number 0
java.net.URISyntaxException: Malformed escape pair at index 42: https://api.tmsandbox.co.nz/v1/Categories/%%category_id%%/Details.json?catalogue=false
^
	at org.apache.groovy.json.internal.JsonParserCharArray.decodeValueInternal(JsonParserCharArray.java:202) ~[groovy-json-3.0.17.jar:3.0.17]
	at org.apache.groovy.json.internal.JsonParserCharArray.decodeValue(JsonParserCharArray.java:153) ~[groovy-json-3.0.17.jar:3.0.17]
	at org.apache.groovy.json.internal.JsonParserCharArray.decodeFromChars(JsonParserCharArray.java:43) ~[groovy-json-3.0.17.jar:3.0.17]
	at org.apache.groovy.json.internal.JsonParserCharArray.parse(JsonParserCharArray.java:380) ~[groovy-json-3.0.17.jar:3.0.17]
	at org.apache.groovy.json.internal.BaseJsonParser.parse(BaseJsonParser.java:113) ~[groovy-json-3.0.17.jar:3.0.17]
	at groovy.json.JsonSlurper.parseText(JsonSlurper.java:204) ~[groovy-json-3.0.17.jar:3.0.17]
	at groovy.json.JsonSlurper$parseText.call(Unknown Source) ~[?:?]
	at Script12.run(Script12.groovy:3) ~[?:?]
	at org.codehaus.groovy.jsr223.GroovyScriptEngineImpl.eval(GroovyScriptEngineImpl.java:317) ~[groovy-jsr223-3.0.17.jar:3.0.17]
	... 10 more
2023-09-04 10:14:03,759 INFO o.a.j.g.a.Start: Stopping test
2023-09-04 10:14:03,771 INFO o.a.j.t.JMeterThread: Stopping: Main test 1-2
2023-09-04 10:14:03,772 INFO o.a.j.t.JMeterThread: Stopping: Main test 1-3
2023-09-04 10:14:03,772 WARN o.a.j.t.JMeterThread: The delay timer was interrupted - probably did not wait as long as intended.
2023-09-04 10:14:03,772 INFO o.a.j.t.JMeterThread: Stopping: Main test 1-1
2023-09-04 10:14:03,772 INFO o.a.j.t.JMeterThread: Thread started: Main test 1-3
2023-09-04 10:14:03,773 INFO o.a.j.t.JMeterThread: Thread finished: Main test 1-2
2023-09-04 10:14:03,774 INFO o.a.j.t.JMeterThread: Stopping: Main test 1-5
2023-09-04 10:14:03,774 WARN o.a.j.t.JMeterThread: The delay timer was interrupted - probably did not wait as long as intended.
2023-09-04 10:14:03,774 INFO o.a.j.t.JMeterThread: Thread finished: Main test 1-3
2023-09-04 10:14:03,774 INFO o.a.j.t.JMeterThread: Thread finished: Main test 1-1
2023-09-04 10:14:03,774 INFO o.a.j.t.JMeterThread: Stopping: Main test 1-4
2023-09-04 10:14:03,774 INFO o.a.j.t.JMeterThread: Thread started: Main test 1-5
2023-09-04 10:14:03,774 INFO o.a.j.t.JMeterThread: Thread started: Main test 1-4
2023-09-04 10:14:03,774 INFO o.a.j.t.JMeterThread: Thread finished: Main test 1-5
2023-09-04 10:14:03,774 INFO o.a.j.t.JMeterThread: Thread finished: Main test 1-4
2023-09-04 10:14:03,774 INFO o.a.j.e.StandardJMeterEngine: Starting tearDown thread groups
2023-09-04 10:14:03,774 INFO o.a.j.e.StandardJMeterEngine: Starting tearDown ThreadGroup: 1 : tearDown
2023-09-04 10:14:03,774 INFO o.a.j.e.StandardJMeterEngine: Starting 1 threads for group tearDown.
2023-09-04 10:14:03,774 INFO o.a.j.e.StandardJMeterEngine: Thread will continue on error
2023-09-04 10:14:03,774 INFO o.a.j.t.ThreadGroup: Starting thread group... number=1 threads=1 ramp-up=1 delayedStart=false
2023-09-04 10:14:03,774 INFO o.a.j.t.ThreadGroup: Started thread group number 1
2023-09-04 10:14:03,774 INFO o.a.j.t.JMeterThread: Thread started: tearDown 1-1
2023-09-04 10:14:03,806 ERROR o.a.j.p.j.s.JSR223Sampler: Problem in JSR223 script Processing results, message: javax.script.ScriptException: java.lang.ArrayIndexOutOfBoundsException: 1
javax.script.ScriptException: java.lang.ArrayIndexOutOfBoundsException: 1
	at org.codehaus.groovy.jsr223.GroovyScriptEngineImpl.eval(GroovyScriptEngineImpl.java:320) ~[groovy-jsr223-3.0.17.jar:3.0.17]
	at org.codehaus.groovy.jsr223.GroovyCompiledScript.eval(GroovyCompiledScript.java:71) ~[groovy-jsr223-3.0.17.jar:3.0.17]
	at javax.script.CompiledScript.eval(Unknown Source) ~[?:1.8.0_381]
	at org.apache.jmeter.util.JSR223TestElement.processFileOrScript(JSR223TestElement.java:230) ~[ApacheJMeter_core.jar:5.6.2]
	at org.apache.jmeter.protocol.java.sampler.JSR223Sampler.sample(JSR223Sampler.java:72) [ApacheJMeter_java.jar:5.6.2]
	at org.apache.jmeter.threads.JMeterThread.doSampling(JMeterThread.java:651) [ApacheJMeter_core.jar:5.6.2]
	at org.apache.jmeter.threads.JMeterThread.executeSamplePackage(JMeterThread.java:570) [ApacheJMeter_core.jar:5.6.2]
	at org.apache.jmeter.threads.JMeterThread.processSampler(JMeterThread.java:501) [ApacheJMeter_core.jar:5.6.2]
	at org.apache.jmeter.threads.JMeterThread.run(JMeterThread.java:268) [ApacheJMeter_core.jar:5.6.2]
	at java.lang.Thread.run(Unknown Source) [?:1.8.0_381]
Caused by: java.lang.ArrayIndexOutOfBoundsException: 1
	at org.codehaus.groovy.runtime.dgmimpl.arrays.ObjectArrayGetAtMetaMethod.invoke(ObjectArrayGetAtMetaMethod.java:41) ~[groovy-3.0.17.jar:3.0.17]
	at groovy.lang.MetaMethod.doMethodInvoke(MetaMethod.java:323) ~[groovy-3.0.17.jar:3.0.17]
	at org.codehaus.groovy.runtime.callsite.PojoMetaMethodSite.invoke(PojoMetaMethodSite.java:46) ~[groovy-3.0.17.jar:3.0.17]
	at org.codehaus.groovy.runtime.callsite.PojoMetaMethodSite.call(PojoMetaMethodSite.java:51) ~[groovy-3.0.17.jar:3.0.17]
	at org.codehaus.groovy.runtime.callsite.CallSiteArray.defaultCall(CallSiteArray.java:47) ~[groovy-3.0.17.jar:3.0.17]
	at org.codehaus.groovy.runtime.callsite.AbstractCallSite.call(AbstractCallSite.java:125) ~[groovy-3.0.17.jar:3.0.17]
	at org.codehaus.groovy.runtime.callsite.AbstractCallSite.call(AbstractCallSite.java:139) ~[groovy-3.0.17.jar:3.0.17]
	at Script15$_run_closure1.doCall(Script15.groovy:8) ~[?:?]
	at sun.reflect.NativeMethodAccessorImpl.invoke0(Native Method) ~[?:1.8.0_381]
	at sun.reflect.NativeMethodAccessorImpl.invoke(Unknown Source) ~[?:1.8.0_381]
	at sun.reflect.DelegatingMethodAccessorImpl.invoke(Unknown Source) ~[?:1.8.0_381]
	at java.lang.reflect.Method.invoke(Unknown Source) ~[?:1.8.0_381]
	at org.codehaus.groovy.reflection.CachedMethod.invoke(CachedMethod.java:107) ~[groovy-3.0.17.jar:3.0.17]
	at groovy.lang.MetaMethod.doMethodInvoke(MetaMethod.java:323) ~[groovy-3.0.17.jar:3.0.17]
	at org.codehaus.groovy.runtime.metaclass.ClosureMetaClass.invokeMethod(ClosureMetaClass.java:274) ~[groovy-3.0.17.jar:3.0.17]
	at groovy.lang.MetaClassImpl.invokeMethod(MetaClassImpl.java:1035) ~[groovy-3.0.17.jar:3.0.17]
	at groovy.lang.Closure.call(Closure.java:412) ~[groovy-3.0.17.jar:3.0.17]
	at groovy.lang.Closure.call(Closure.java:428) ~[groovy-3.0.17.jar:3.0.17]
	at org.codehaus.groovy.runtime.DefaultGroovyMethods.each(DefaultGroovyMethods.java:2357) ~[groovy-3.0.17.jar:3.0.17]
	at org.codehaus.groovy.runtime.DefaultGroovyMethods.each(DefaultGroovyMethods.java:2342) ~[groovy-3.0.17.jar:3.0.17]
	at org.codehaus.groovy.runtime.DefaultGroovyMethods.each(DefaultGroovyMethods.java:2383) ~[groovy-3.0.17.jar:3.0.17]
	at org.codehaus.groovy.runtime.dgm$202.invoke(Unknown Source) ~[groovy-3.0.17.jar:3.0.17]
	at org.codehaus.groovy.runtime.callsite.PojoMetaMethodSite$PojoMetaMethodSiteNoUnwrapNoCoerce.invoke(PojoMetaMethodSite.java:242) ~[groovy-3.0.17.jar:3.0.17]
	at org.codehaus.groovy.runtime.callsite.PojoMetaMethodSite.call(PojoMetaMethodSite.java:51) ~[groovy-3.0.17.jar:3.0.17]
	at org.codehaus.groovy.runtime.callsite.CallSiteArray.defaultCall(CallSiteArray.java:47) ~[groovy-3.0.17.jar:3.0.17]
	at org.codehaus.groovy.runtime.callsite.AbstractCallSite.call(AbstractCallSite.java:125) ~[groovy-3.0.17.jar:3.0.17]
	at org.codehaus.groovy.runtime.callsite.AbstractCallSite.call(AbstractCallSite.java:139) ~[groovy-3.0.17.jar:3.0.17]
	at Script15.run(Script15.groovy:7) ~[?:?]
	at org.codehaus.groovy.jsr223.GroovyScriptEngineImpl.eval(GroovyScriptEngineImpl.java:317) ~[groovy-jsr223-3.0.17.jar:3.0.17]
	... 9 more
2023-09-04 10:14:03,813 INFO o.a.j.t.JMeterThread: Thread is done: tearDown 1-1
2023-09-04 10:14:03,813 INFO o.a.j.t.JMeterThread: Thread finished: tearDown 1-1
2023-09-04 10:14:03,814 INFO o.a.j.e.StandardJMeterEngine: Notifying test listeners of end of test
2023-09-04 10:14:03,814 INFO o.a.j.s.FileServer: Close: categories.csv
2023-09-04 10:14:03,815 INFO o.a.j.g.u.JMeterMenuBar: setRunning(false, *local*)
2023-09-05 09:12:19,573 INFO o.a.j.u.JMeterUtils: Setting Locale to en_US
2023-09-05 09:12:19,601 INFO o.a.j.JMeter: Loading user properties from: user.properties
2023-09-05 09:12:19,603 INFO o.a.j.JMeter: Loading system properties from: system.properties
2023-09-05 09:12:19,616 INFO o.a.j.JMeter: Copyright (c) 1998-2023 The Apache Software Foundation
2023-09-05 09:12:19,616 INFO o.a.j.JMeter: Version 5.6.2
2023-09-05 09:12:19,617 INFO o.a.j.JMeter: java.version=1.8.0_381
2023-09-05 09:12:19,617 INFO o.a.j.JMeter: java.vm.name=Java HotSpot(TM) 64-Bit Server VM
2023-09-05 09:12:19,617 INFO o.a.j.JMeter: os.name=Windows 11
2023-09-05 09:12:19,618 INFO o.a.j.JMeter: os.arch=amd64
2023-09-05 09:12:19,618 INFO o.a.j.JMeter: os.version=10.0
2023-09-05 09:12:19,618 INFO o.a.j.JMeter: file.encoding=Cp1252
2023-09-05 09:12:19,618 INFO o.a.j.JMeter: java.awt.headless=null
2023-09-05 09:12:19,619 INFO o.a.j.JMeter: Max memory     =7551844352
2023-09-05 09:12:19,619 INFO o.a.j.JMeter: Available Processors =16
2023-09-05 09:12:19,624 INFO o.a.j.JMeter: Default Locale=English (United States)
2023-09-05 09:12:19,625 INFO o.a.j.JMeter: JMeter  Locale=English (United States)
2023-09-05 09:12:19,625 INFO o.a.j.JMeter: JMeterHome=C:\apache-jmeter-5.6.2
2023-09-05 09:12:19,626 INFO o.a.j.JMeter: user.dir  =C:\apache-jmeter-5.6.2\bin
2023-09-05 09:12:19,627 INFO o.a.j.JMeter: PWD       =C:\apache-jmeter-5.6.2\bin
2023-09-05 09:12:19,630 INFO o.a.j.JMeter: IP: 192.168.10.225 Name: ASY-WIN11-72 FullName: ASY-WIN11-72.assurity.local
2023-09-05 09:12:19,661 INFO o.a.j.JMeter: Loaded icon properties from org/apache/jmeter/images/icon.properties
2023-09-05 09:12:20,002 INFO o.a.j.JMeterGuiLauncher: Setting LAF to: com.github.weisj.darklaf.DarkLaf:com.github.weisj.darklaf.theme.IntelliJTheme
2023-09-07 11:19:12,729 INFO o.a.j.s.FileServer: Default base='C:\apache-jmeter-5.6.2\bin'
2023-09-07 11:19:12,729 INFO o.a.j.g.a.Load: Loading file: C:\Users\vakhlovv\jmeter-assessment\jmeter-test.jmx
2023-09-07 11:19:12,729 INFO o.a.j.s.FileServer: Set new base='C:\Users\vakhlovv\jmeter-assessment'
2023-09-07 11:19:12,893 INFO o.a.j.s.SaveService: Testplan (JMX) version: 2.2. Testlog (JTL) version: 2.2
2023-09-07 11:19:13,010 INFO o.a.j.s.SaveService: Using SaveService properties file encoding UTF-8
2023-09-07 11:19:13,011 INFO o.a.j.s.SaveService: Using SaveService properties version 5.0
2023-09-07 11:19:13,013 INFO o.a.j.s.SaveService: Loading file: C:\Users\vakhlovv\jmeter-assessment\jmeter-test.jmx
2023-09-07 11:19:13,069 INFO o.a.j.p.h.s.HTTPSamplerBase: Parser for text/html is org.apache.jmeter.protocol.http.parser.LagartoBasedHtmlParser
2023-09-07 11:19:13,069 INFO o.a.j.p.h.s.HTTPSamplerBase: Parser for application/xhtml+xml is org.apache.jmeter.protocol.http.parser.LagartoBasedHtmlParser
2023-09-07 11:19:13,069 INFO o.a.j.p.h.s.HTTPSamplerBase: Parser for application/xml is org.apache.jmeter.protocol.http.parser.LagartoBasedHtmlParser
2023-09-07 11:19:13,069 INFO o.a.j.p.h.s.HTTPSamplerBase: Parser for text/xml is org.apache.jmeter.protocol.http.parser.LagartoBasedHtmlParser
2023-09-07 11:19:13,069 INFO o.a.j.p.h.s.HTTPSamplerBase: Parser for text/vnd.wap.wml is org.apache.jmeter.protocol.http.parser.RegexpHTMLParser
2023-09-07 11:19:13,069 INFO o.a.j.p.h.s.HTTPSamplerBase: Parser for text/css is org.apache.jmeter.protocol.http.parser.CssParser
2023-09-07 11:19:13,798 INFO o.a.j.s.SampleResult: Note: Sample TimeStamps are START times
2023-09-07 11:19:13,798 INFO o.a.j.s.SampleResult: sampleresult.default.encoding is set to UTF-8
2023-09-07 11:19:13,798 INFO o.a.j.s.SampleResult: sampleresult.useNanoTime=true
2023-09-07 11:19:13,798 INFO o.a.j.s.SampleResult: sampleresult.nanoThreadSleep=5000
2023-09-07 11:19:14,016 INFO o.a.j.s.FileServer: Set new base='C:\Users\vakhlovv\jmeter-assessment'
2023-09-07 11:42:50,071 INFO o.a.j.g.JMeterUIDefaults: Applying font scale factor: 1.1
2023-09-07 11:42:51,905 INFO o.a.j.g.JMeterUIDefaults: Applying font scale factor: 1.21
2023-09-11 12:45:34,553 INFO o.a.j.u.JMeterUtils: Setting Locale to en_US
2023-09-11 12:45:34,600 INFO o.a.j.JMeter: Loading user properties from: user.properties
2023-09-11 12:45:34,600 INFO o.a.j.JMeter: Loading system properties from: system.properties
2023-09-11 12:45:34,615 INFO o.a.j.JMeter: Copyright (c) 1998-2023 The Apache Software Foundation
2023-09-11 12:45:34,615 INFO o.a.j.JMeter: Version 5.6.2
2023-09-11 12:45:34,615 INFO o.a.j.JMeter: java.version=17.0.8.1
2023-09-11 12:45:34,615 INFO o.a.j.JMeter: java.vm.name=OpenJDK 64-Bit Server VM
2023-09-11 12:45:34,615 INFO o.a.j.JMeter: os.name=Windows 11
2023-09-11 12:45:34,615 INFO o.a.j.JMeter: os.arch=amd64
2023-09-11 12:45:34,615 INFO o.a.j.JMeter: os.version=10.0
2023-09-11 12:45:34,615 INFO o.a.j.JMeter: file.encoding=Cp1252
2023-09-11 12:45:34,615 INFO o.a.j.JMeter: java.awt.headless=null
2023-09-11 12:45:34,615 INFO o.a.j.JMeter: Max memory     =8497659904
2023-09-11 12:45:34,631 INFO o.a.j.JMeter: Available Processors =16
2023-09-11 12:45:34,647 INFO o.a.j.JMeter: Default Locale=English (United States)
2023-09-11 12:45:34,647 INFO o.a.j.JMeter: JMeter  Locale=English (United States)
2023-09-11 12:45:34,647 INFO o.a.j.JMeter: JMeterHome=C:\apache-jmeter-5.6.2
2023-09-11 12:45:34,647 INFO o.a.j.JMeter: user.dir  =C:\apache-jmeter-5.6.2\bin
2023-09-11 12:45:34,647 INFO o.a.j.JMeter: PWD       =C:\apache-jmeter-5.6.2\bin
2023-09-11 12:45:34,647 INFO o.a.j.JMeter: IP: 192.168.11.23 Name: ASY-WIN11-72 FullName: ASY-WIN11-72.assurity.local
2023-09-11 12:45:34,678 INFO o.a.j.JMeter: Loaded icon properties from org/apache/jmeter/images/icon.properties
2023-09-11 12:45:35,048 INFO o.a.j.JMeterGuiLauncher: Setting LAF to: com.github.weisj.darklaf.DarkLaf:com.github.weisj.darklaf.theme.DarculaTheme
2023-09-11 12:46:01,199 INFO o.a.j.u.JMeterUtils: Setting Locale to en_US
2023-09-11 12:46:01,230 INFO o.a.j.JMeter: Loading user properties from: user.properties
2023-09-11 12:46:01,230 INFO o.a.j.JMeter: Loading system properties from: system.properties
2023-09-11 12:46:01,230 INFO o.a.j.JMeter: Copyright (c) 1998-2023 The Apache Software Foundation
2023-09-11 12:46:01,230 INFO o.a.j.JMeter: Version 5.6.2
2023-09-11 12:46:01,230 INFO o.a.j.JMeter: java.version=17.0.8.1
2023-09-11 12:46:01,245 INFO o.a.j.JMeter: java.vm.name=OpenJDK 64-Bit Server VM
2023-09-11 12:46:01,245 INFO o.a.j.JMeter: os.name=Windows 11
2023-09-11 12:46:01,245 INFO o.a.j.JMeter: os.arch=amd64
2023-09-11 12:46:01,245 INFO o.a.j.JMeter: os.version=10.0
2023-09-11 12:46:01,245 INFO o.a.j.JMeter: file.encoding=Cp1252
2023-09-11 12:46:01,245 INFO o.a.j.JMeter: java.awt.headless=null
2023-09-11 12:46:01,245 INFO o.a.j.JMeter: Max memory     =8497659904
2023-09-11 12:46:01,245 INFO o.a.j.JMeter: Available Processors =16
2023-09-11 12:46:01,245 INFO o.a.j.JMeter: Default Locale=English (United States)
2023-09-11 12:46:01,245 INFO o.a.j.JMeter: JMeter  Locale=English (United States)
2023-09-11 12:46:01,245 INFO o.a.j.JMeter: JMeterHome=C:\apache-jmeter-5.6.2
2023-09-11 12:46:01,245 INFO o.a.j.JMeter: user.dir  =C:\apache-jmeter-5.6.2\bin
2023-09-11 12:46:01,245 INFO o.a.j.JMeter: PWD       =C:\apache-jmeter-5.6.2\bin
2023-09-11 12:46:01,245 INFO o.a.j.JMeter: IP: 192.168.11.23 Name: ASY-WIN11-72 FullName: ASY-WIN11-72.assurity.local
2023-09-11 12:46:01,261 INFO o.a.j.JMeter: Loaded icon properties from org/apache/jmeter/images/icon.properties
2023-09-11 12:46:01,422 INFO o.a.j.JMeterGuiLauncher: Setting LAF to: com.github.weisj.darklaf.DarkLaf:com.github.weisj.darklaf.theme.IntelliJTheme
2023-09-11 12:46:11,057 INFO o.a.j.u.JMeterUtils: Setting Locale to en_EN
2023-09-11 12:46:11,072 INFO o.a.j.JMeter: Loading user properties from: user.properties
2023-09-11 12:46:11,072 INFO o.a.j.JMeter: Loading system properties from: system.properties
2023-09-11 12:46:11,088 INFO o.a.j.JMeter: Copyright (c) 1998-2023 The Apache Software Foundation
2023-09-11 12:46:11,088 INFO o.a.j.JMeter: Version 5.6.2
2023-09-11 12:46:11,088 INFO o.a.j.JMeter: java.version=17.0.8.1
2023-09-11 12:46:11,088 INFO o.a.j.JMeter: java.vm.name=OpenJDK 64-Bit Server VM
2023-09-11 12:46:11,088 INFO o.a.j.JMeter: os.name=Windows 11
2023-09-11 12:46:11,088 INFO o.a.j.JMeter: os.arch=amd64
2023-09-11 12:46:11,088 INFO o.a.j.JMeter: os.version=10.0
2023-09-11 12:46:11,088 INFO o.a.j.JMeter: file.encoding=Cp1252
2023-09-11 12:46:11,088 INFO o.a.j.JMeter: java.awt.headless=null
2023-09-11 12:46:11,088 INFO o.a.j.JMeter: Max memory     =1073741824
2023-09-11 12:46:11,088 INFO o.a.j.JMeter: Available Processors =16
2023-09-11 12:46:11,104 INFO o.a.j.JMeter: Default Locale=English (EN)
2023-09-11 12:46:11,104 INFO o.a.j.JMeter: JMeter  Locale=English (EN)
2023-09-11 12:46:11,104 INFO o.a.j.JMeter: JMeterHome=C:\apache-jmeter-5.6.2
2023-09-11 12:46:11,104 INFO o.a.j.JMeter: user.dir  =C:\apache-jmeter-5.6.2\bin
2023-09-11 12:46:11,104 INFO o.a.j.JMeter: PWD       =C:\apache-jmeter-5.6.2\bin
2023-09-11 12:46:11,104 INFO o.a.j.JMeter: IP: 192.168.11.23 Name: ASY-WIN11-72 FullName: ASY-WIN11-72.assurity.local
2023-09-11 12:46:11,119 INFO o.a.j.JMeter: Loaded icon properties from org/apache/jmeter/images/icon.properties
2023-09-11 12:46:11,285 INFO o.a.j.JMeterGuiLauncher: Setting LAF to: com.github.weisj.darklaf.DarkLaf:com.github.weisj.darklaf.theme.IntelliJTheme
